<?xml version="1.0" encoding="UTF-8"?>
<testsuite xmlns:xsi="http://www.w3.org/2001/XMLSchema-instance" xsi:noNamespaceSchemaLocation="https://maven.apache.org/surefire/maven-surefire-plugin/xsd/surefire-test-report.xsd" version="3.0.2" name="TestSuite" time="298.199" tests="17" errors="0" skipped="11" failures="1">
  <properties>
    <property name="java.specification.version" value="24"/>
    <property name="sun.cpu.isalist" value="amd64"/>
    <property name="sun.jnu.encoding" value="Cp1252"/>
    <property name="java.class.path" value="C:\Users\prave.PRAVEENREDDY.000\eclipse-workspace\TradingStocks\target\test-classes;C:\Users\prave.PRAVEENREDDY.000\eclipse-workspace\TradingStocks\target\classes;C:\Users\prave.PRAVEENREDDY.000\.m2\repository\org\seleniumhq\selenium\selenium-java\4.32.0\selenium-java-4.32.0.jar;C:\Users\prave.PRAVEENREDDY.000\.m2\repository\org\seleniumhq\selenium\selenium-api\4.32.0\selenium-api-4.32.0.jar;C:\Users\prave.PRAVEENREDDY.000\.m2\repository\org\jspecify\jspecify\1.0.0\jspecify-1.0.0.jar;C:\Users\prave.PRAVEENREDDY.000\.m2\repository\org\seleniumhq\selenium\selenium-chrome-driver\4.32.0\selenium-chrome-driver-4.32.0.jar;C:\Users\prave.PRAVEENREDDY.000\.m2\repository\com\google\auto\service\auto-service-annotations\1.1.1\auto-service-annotations-1.1.1.jar;C:\Users\prave.PRAVEENREDDY.000\.m2\repository\org\seleniumhq\selenium\selenium-chromium-driver\4.32.0\selenium-chromium-driver-4.32.0.jar;C:\Users\prave.PRAVEENREDDY.000\.m2\repository\org\seleniumhq\selenium\selenium-json\4.32.0\selenium-json-4.32.0.jar;C:\Users\prave.PRAVEENREDDY.000\.m2\repository\org\seleniumhq\selenium\selenium-manager\4.32.0\selenium-manager-4.32.0.jar;C:\Users\prave.PRAVEENREDDY.000\.m2\repository\org\seleniumhq\selenium\selenium-devtools-v134\4.32.0\selenium-devtools-v134-4.32.0.jar;C:\Users\prave.PRAVEENREDDY.000\.m2\repository\org\seleniumhq\selenium\selenium-devtools-v135\4.32.0\selenium-devtools-v135-4.32.0.jar;C:\Users\prave.PRAVEENREDDY.000\.m2\repository\org\seleniumhq\selenium\selenium-devtools-v136\4.32.0\selenium-devtools-v136-4.32.0.jar;C:\Users\prave.PRAVEENREDDY.000\.m2\repository\org\seleniumhq\selenium\selenium-edge-driver\4.32.0\selenium-edge-driver-4.32.0.jar;C:\Users\prave.PRAVEENREDDY.000\.m2\repository\org\seleniumhq\selenium\selenium-firefox-driver\4.32.0\selenium-firefox-driver-4.32.0.jar;C:\Users\prave.PRAVEENREDDY.000\.m2\repository\org\seleniumhq\selenium\selenium-http\4.32.0\selenium-http-4.32.0.jar;C:\Users\prave.PRAVEENREDDY.000\.m2\repository\org\seleniumhq\selenium\selenium-ie-driver\4.32.0\selenium-ie-driver-4.32.0.jar;C:\Users\prave.PRAVEENREDDY.000\.m2\repository\org\seleniumhq\selenium\selenium-remote-driver\4.32.0\selenium-remote-driver-4.32.0.jar;C:\Users\prave.PRAVEENREDDY.000\.m2\repository\com\google\guava\guava\33.4.8-jre\guava-33.4.8-jre.jar;C:\Users\prave.PRAVEENREDDY.000\.m2\repository\com\google\guava\failureaccess\1.0.3\failureaccess-1.0.3.jar;C:\Users\prave.PRAVEENREDDY.000\.m2\repository\com\google\guava\listenablefuture\9999.0-empty-to-avoid-conflict-with-guava\listenablefuture-9999.0-empty-to-avoid-conflict-with-guava.jar;C:\Users\prave.PRAVEENREDDY.000\.m2\repository\com\google\j2objc\j2objc-annotations\3.0.0\j2objc-annotations-3.0.0.jar;C:\Users\prave.PRAVEENREDDY.000\.m2\repository\io\opentelemetry\opentelemetry-api\1.49.0\opentelemetry-api-1.49.0.jar;C:\Users\prave.PRAVEENREDDY.000\.m2\repository\io\opentelemetry\opentelemetry-context\1.49.0\opentelemetry-context-1.49.0.jar;C:\Users\prave.PRAVEENREDDY.000\.m2\repository\io\opentelemetry\opentelemetry-exporter-logging\1.49.0\opentelemetry-exporter-logging-1.49.0.jar;C:\Users\prave.PRAVEENREDDY.000\.m2\repository\io\opentelemetry\opentelemetry-sdk-common\1.49.0\opentelemetry-sdk-common-1.49.0.jar;C:\Users\prave.PRAVEENREDDY.000\.m2\repository\io\opentelemetry\opentelemetry-sdk-extension-autoconfigure-spi\1.49.0\opentelemetry-sdk-extension-autoconfigure-spi-1.49.0.jar;C:\Users\prave.PRAVEENREDDY.000\.m2\repository\io\opentelemetry\opentelemetry-sdk-extension-autoconfigure\1.49.0\opentelemetry-sdk-extension-autoconfigure-1.49.0.jar;C:\Users\prave.PRAVEENREDDY.000\.m2\repository\io\opentelemetry\opentelemetry-sdk-trace\1.49.0\opentelemetry-sdk-trace-1.49.0.jar;C:\Users\prave.PRAVEENREDDY.000\.m2\repository\io\opentelemetry\opentelemetry-sdk\1.49.0\opentelemetry-sdk-1.49.0.jar;C:\Users\prave.PRAVEENREDDY.000\.m2\repository\io\opentelemetry\opentelemetry-sdk-metrics\1.49.0\opentelemetry-sdk-metrics-1.49.0.jar;C:\Users\prave.PRAVEENREDDY.000\.m2\repository\io\opentelemetry\opentelemetry-sdk-logs\1.49.0\opentelemetry-sdk-logs-1.49.0.jar;C:\Users\prave.PRAVEENREDDY.000\.m2\repository\net\bytebuddy\byte-buddy\1.17.5\byte-buddy-1.17.5.jar;C:\Users\prave.PRAVEENREDDY.000\.m2\repository\org\seleniumhq\selenium\selenium-os\4.32.0\selenium-os-4.32.0.jar;C:\Users\prave.PRAVEENREDDY.000\.m2\repository\org\apache\commons\commons-exec\1.4.0\commons-exec-1.4.0.jar;C:\Users\prave.PRAVEENREDDY.000\.m2\repository\org\seleniumhq\selenium\selenium-safari-driver\4.32.0\selenium-safari-driver-4.32.0.jar;C:\Users\prave.PRAVEENREDDY.000\.m2\repository\org\seleniumhq\selenium\selenium-support\4.32.0\selenium-support-4.32.0.jar;C:\Users\prave.PRAVEENREDDY.000\.m2\repository\org\testng\testng\7.10.2\testng-7.10.2.jar;C:\Users\prave.PRAVEENREDDY.000\.m2\repository\org\slf4j\slf4j-api\1.7.36\slf4j-api-1.7.36.jar;C:\Users\prave.PRAVEENREDDY.000\.m2\repository\com\beust\jcommander\1.82\jcommander-1.82.jar;C:\Users\prave.PRAVEENREDDY.000\.m2\repository\org\webjars\jquery\3.7.1\jquery-3.7.1.jar;C:\Users\prave.PRAVEENREDDY.000\.m2\repository\io\github\bonigarcia\webdrivermanager\6.1.0\webdrivermanager-6.1.0.jar;C:\Users\prave.PRAVEENREDDY.000\.m2\repository\com\google\code\gson\gson\2.13.0\gson-2.13.0.jar;C:\Users\prave.PRAVEENREDDY.000\.m2\repository\com\google\errorprone\error_prone_annotations\2.37.0\error_prone_annotations-2.37.0.jar;C:\Users\prave.PRAVEENREDDY.000\.m2\repository\com\github\docker-java\docker-java\3.5.0\docker-java-3.5.0.jar;C:\Users\prave.PRAVEENREDDY.000\.m2\repository\com\github\docker-java\docker-java-core\3.5.0\docker-java-core-3.5.0.jar;C:\Users\prave.PRAVEENREDDY.000\.m2\repository\com\github\docker-java\docker-java-api\3.5.0\docker-java-api-3.5.0.jar;C:\Users\prave.PRAVEENREDDY.000\.m2\repository\org\slf4j\jcl-over-slf4j\1.7.30\jcl-over-slf4j-1.7.30.jar;C:\Users\prave.PRAVEENREDDY.000\.m2\repository\com\github\docker-java\docker-java-transport-httpclient5\3.5.0\docker-java-transport-httpclient5-3.5.0.jar;C:\Users\prave.PRAVEENREDDY.000\.m2\repository\com\github\docker-java\docker-java-transport\3.5.0\docker-java-transport-3.5.0.jar;C:\Users\prave.PRAVEENREDDY.000\.m2\repository\org\brotli\dec\0.1.2\dec-0.1.2.jar;C:\Users\prave.PRAVEENREDDY.000\.m2\repository\org\apache\commons\commons-compress\1.27.1\commons-compress-1.27.1.jar;C:\Users\prave.PRAVEENREDDY.000\.m2\repository\org\apache\httpcomponents\client5\httpclient5\5.4.3\httpclient5-5.4.3.jar;C:\Users\prave.PRAVEENREDDY.000\.m2\repository\org\apache\httpcomponents\core5\httpcore5\5.3.4\httpcore5-5.3.4.jar;C:\Users\prave.PRAVEENREDDY.000\.m2\repository\org\apache\httpcomponents\core5\httpcore5-h2\5.3.4\httpcore5-h2-5.3.4.jar;C:\Users\prave.PRAVEENREDDY.000\.m2\repository\net\java\dev\jna\jna-platform\5.13.0\jna-platform-5.13.0.jar;C:\Users\prave.PRAVEENREDDY.000\.m2\repository\org\apache\commons\commons-lang3\3.18.0\commons-lang3-3.18.0.jar;C:\Users\prave.PRAVEENREDDY.000\.m2\repository\org\apache\logging\log4j\log4j-core\2.25.1\log4j-core-2.25.1.jar;C:\Users\prave.PRAVEENREDDY.000\.m2\repository\org\apache\logging\log4j\log4j-api\2.25.1\log4j-api-2.25.1.jar;C:\Users\prave.PRAVEENREDDY.000\.m2\repository\org\apache\logging\log4j\log4j-slf4j-impl\2.25.1\log4j-slf4j-impl-2.25.1.jar;C:\Users\prave.PRAVEENREDDY.000\.m2\repository\org\apache\poi\poi\5.4.1\poi-5.4.1.jar;C:\Users\prave.PRAVEENREDDY.000\.m2\repository\commons-codec\commons-codec\1.18.0\commons-codec-1.18.0.jar;C:\Users\prave.PRAVEENREDDY.000\.m2\repository\org\apache\commons\commons-collections4\4.4\commons-collections4-4.4.jar;C:\Users\prave.PRAVEENREDDY.000\.m2\repository\org\apache\commons\commons-math3\3.6.1\commons-math3-3.6.1.jar;C:\Users\prave.PRAVEENREDDY.000\.m2\repository\commons-io\commons-io\2.18.0\commons-io-2.18.0.jar;C:\Users\prave.PRAVEENREDDY.000\.m2\repository\com\zaxxer\SparseBitSet\1.3\SparseBitSet-1.3.jar;C:\Users\prave.PRAVEENREDDY.000\.m2\repository\org\apache\poi\poi-ooxml\5.4.1\poi-ooxml-5.4.1.jar;C:\Users\prave.PRAVEENREDDY.000\.m2\repository\org\apache\poi\poi-ooxml-lite\5.4.1\poi-ooxml-lite-5.4.1.jar;C:\Users\prave.PRAVEENREDDY.000\.m2\repository\org\apache\xmlbeans\xmlbeans\5.3.0\xmlbeans-5.3.0.jar;C:\Users\prave.PRAVEENREDDY.000\.m2\repository\com\github\virtuald\curvesapi\1.08\curvesapi-1.08.jar;C:\Users\prave.PRAVEENREDDY.000\.m2\repository\io\cucumber\cucumber-java\7.26.0\cucumber-java-7.26.0.jar;C:\Users\prave.PRAVEENREDDY.000\.m2\repository\org\apiguardian\apiguardian-api\1.1.2\apiguardian-api-1.1.2.jar;C:\Users\prave.PRAVEENREDDY.000\.m2\repository\io\cucumber\cucumber-core\7.26.0\cucumber-core-7.26.0.jar;C:\Users\prave.PRAVEENREDDY.000\.m2\repository\io\cucumber\cucumber-gherkin\7.26.0\cucumber-gherkin-7.26.0.jar;C:\Users\prave.PRAVEENREDDY.000\.m2\repository\io\cucumber\cucumber-gherkin-messages\7.26.0\cucumber-gherkin-messages-7.26.0.jar;C:\Users\prave.PRAVEENREDDY.000\.m2\repository\io\cucumber\gherkin\33.0.0\gherkin-33.0.0.jar;C:\Users\prave.PRAVEENREDDY.000\.m2\repository\io\cucumber\messages\28.0.0\messages-28.0.0.jar;C:\Users\prave.PRAVEENREDDY.000\.m2\repository\io\cucumber\pretty-formatter\0.3.0\pretty-formatter-0.3.0.jar;C:\Users\prave.PRAVEENREDDY.000\.m2\repository\io\cucumber\query\13.6.0\query-13.6.0.jar;C:\Users\prave.PRAVEENREDDY.000\.m2\repository\io\cucumber\testng-xml-formatter\0.4.0\testng-xml-formatter-0.4.0.jar;C:\Users\prave.PRAVEENREDDY.000\.m2\repository\io\cucumber\tag-expressions\6.1.2\tag-expressions-6.1.2.jar;C:\Users\prave.PRAVEENREDDY.000\.m2\repository\io\cucumber\cucumber-expressions\18.0.1\cucumber-expressions-18.0.1.jar;C:\Users\prave.PRAVEENREDDY.000\.m2\repository\io\cucumber\datatable\7.26.0\datatable-7.26.0.jar;C:\Users\prave.PRAVEENREDDY.000\.m2\repository\io\cucumber\cucumber-plugin\7.26.0\cucumber-plugin-7.26.0.jar;C:\Users\prave.PRAVEENREDDY.000\.m2\repository\io\cucumber\docstring\7.26.0\docstring-7.26.0.jar;C:\Users\prave.PRAVEENREDDY.000\.m2\repository\io\cucumber\html-formatter\21.13.0\html-formatter-21.13.0.jar;C:\Users\prave.PRAVEENREDDY.000\.m2\repository\io\cucumber\junit-xml-formatter\0.8.0\junit-xml-formatter-0.8.0.jar;C:\Users\prave.PRAVEENREDDY.000\.m2\repository\io\cucumber\ci-environment\10.0.1\ci-environment-10.0.1.jar;C:\Users\prave.PRAVEENREDDY.000\.m2\repository\io\cucumber\cucumber-testng\7.26.0\cucumber-testng-7.26.0.jar;C:\Users\prave.PRAVEENREDDY.000\.m2\repository\tech\grasshopper\extentreports-cucumber7-adapter\1.12.0\extentreports-cucumber7-adapter-1.12.0.jar;C:\Users\prave.PRAVEENREDDY.000\.m2\repository\com\aventstack\extentreports\5.0.9\extentreports-5.0.9.jar;C:\Users\prave.PRAVEENREDDY.000\.m2\repository\io\reactivex\rxjava3\rxjava\3.0.4\rxjava-3.0.4.jar;C:\Users\prave.PRAVEENREDDY.000\.m2\repository\org\reactivestreams\reactive-streams\1.0.3\reactive-streams-1.0.3.jar;C:\Users\prave.PRAVEENREDDY.000\.m2\repository\org\freemarker\freemarker\2.3.30\freemarker-2.3.30.jar;C:\Users\prave.PRAVEENREDDY.000\.m2\repository\tech\grasshopper\extent-pdf-report\2.10.0\extent-pdf-report-2.10.0.jar;C:\Users\prave.PRAVEENREDDY.000\.m2\repository\tech\grasshopper\cucumber-pdf-report\2.12.0\cucumber-pdf-report-2.12.0.jar;C:\Users\prave.PRAVEENREDDY.000\.m2\repository\org\apache\pdfbox\pdfbox\2.0.26\pdfbox-2.0.26.jar;C:\Users\prave.PRAVEENREDDY.000\.m2\repository\org\apache\pdfbox\fontbox\2.0.26\fontbox-2.0.26.jar;C:\Users\prave.PRAVEENREDDY.000\.m2\repository\org\knowm\xchart\xchart\3.8.0\xchart-3.8.0.jar;C:\Users\prave.PRAVEENREDDY.000\.m2\repository\de\erichseifert\vectorgraphics2d\VectorGraphics2D\0.13\VectorGraphics2D-0.13.jar;C:\Users\prave.PRAVEENREDDY.000\.m2\repository\de\rototor\pdfbox\graphics2d\0.30\graphics2d-0.30.jar;C:\Users\prave.PRAVEENREDDY.000\.m2\repository\com\madgag\animated-gif-lib\1.4\animated-gif-lib-1.4.jar;C:\Users\prave.PRAVEENREDDY.000\.m2\repository\org\yaml\snakeyaml\1.28\snakeyaml-1.28.jar;C:\Users\prave.PRAVEENREDDY.000\.m2\repository\tech\grasshopper\table-layout\1.5.1\table-layout-1.5.1.jar;C:\Users\prave.PRAVEENREDDY.000\.m2\repository\tech\grasshopper\rest-assured-cucumber-pdf-report\1.4.1\rest-assured-cucumber-pdf-report-1.4.1.jar;C:\Users\prave.PRAVEENREDDY.000\.m2\repository\org\jsoup\jsoup\1.15.3\jsoup-1.15.3.jar;C:\Users\prave.PRAVEENREDDY.000\.m2\repository\com\aventstack\klov-reporter\5.0.9\klov-reporter-5.0.9.jar;C:\Users\prave.PRAVEENREDDY.000\.m2\repository\org\mongodb\mongodb-driver\3.6.4\mongodb-driver-3.6.4.jar;C:\Users\prave.PRAVEENREDDY.000\.m2\repository\org\mongodb\mongodb-driver-core\3.6.4\mongodb-driver-core-3.6.4.jar;C:\Users\prave.PRAVEENREDDY.000\.m2\repository\org\mongodb\bson\3.6.4\bson-3.6.4.jar;C:\Users\prave.PRAVEENREDDY.000\.m2\repository\org\apache\httpcomponents\httpclient\4.5.13\httpclient-4.5.13.jar;C:\Users\prave.PRAVEENREDDY.000\.m2\repository\org\apache\httpcomponents\httpcore\4.4.13\httpcore-4.4.13.jar;C:\Users\prave.PRAVEENREDDY.000\.m2\repository\commons-logging\commons-logging\1.2\commons-logging-1.2.jar;C:\Users\prave.PRAVEENREDDY.000\.m2\repository\org\apache\httpcomponents\httpmime\4.5.13\httpmime-4.5.13.jar;C:\Users\prave.PRAVEENREDDY.000\.m2\repository\tech\grasshopper\htmlextentreporter\1.0.1\htmlextentreporter-1.0.1.jar;C:\Users\prave.PRAVEENREDDY.000\.m2\repository\tech\grasshopper\extent-excel-report\1.3.0\extent-excel-report-1.3.0.jar;C:\Users\prave.PRAVEENREDDY.000\.m2\repository\net\java\dev\jna\jna\5.14.0\jna-5.14.0.jar;C:\Users\prave.PRAVEENREDDY.000\.m2\repository\com\fasterxml\jackson\core\jackson-databind\2.17.2\jackson-databind-2.17.2.jar;C:\Users\prave.PRAVEENREDDY.000\.m2\repository\com\fasterxml\jackson\core\jackson-annotations\2.17.2\jackson-annotations-2.17.2.jar;C:\Users\prave.PRAVEENREDDY.000\.m2\repository\com\fasterxml\jackson\core\jackson-core\2.17.2\jackson-core-2.17.2.jar;C:\Users\prave.PRAVEENREDDY.000\.m2\repository\com\sun\mail\jakarta.mail\2.0.1\jakarta.mail-2.0.1.jar;C:\Users\prave.PRAVEENREDDY.000\.m2\repository\com\sun\activation\jakarta.activation\2.0.1\jakarta.activation-2.0.1.jar;C:\Users\prave.PRAVEENREDDY.000\.m2\repository\org\projectlombok\lombok\1.18.32\lombok-1.18.32.jar;"/>
    <property name="java.vm.vendor" value="Oracle Corporation"/>
    <property name="sun.arch.data.model" value="64"/>
    <property name="user.variant" value=""/>
    <property name="java.vendor.url" value="https://java.oracle.com/"/>
    <property name="user.timezone" value="Asia/Calcutta"/>
    <property name="os.name" value="Windows 11"/>
    <property name="java.vm.specification.version" value="24"/>
    <property name="sun.java.launcher" value="SUN_STANDARD"/>
    <property name="user.country" value="IN"/>
    <property name="sun.boot.library.path" value="C:\Program Files\Java\jdk-24\bin"/>
    <property name="sun.java.command" value="C:\Users\prave.PRAVEENREDDY.000\AppData\Local\Temp\surefire7151714126885556206\surefirebooter-20250917095159331_3.jar C:\Users\prave.PRAVEENREDDY.000\AppData\Local\Temp\surefire7151714126885556206 2025-09-17T09-51-58_977-jvmRun1 surefire-20250917095159331_1tmp surefire_0-20250917095159331_2tmp"/>
    <property name="jdk.debug" value="release"/>
    <property name="surefire.test.class.path" value="C:\Users\prave.PRAVEENREDDY.000\eclipse-workspace\TradingStocks\target\test-classes;C:\Users\prave.PRAVEENREDDY.000\eclipse-workspace\TradingStocks\target\classes;C:\Users\prave.PRAVEENREDDY.000\.m2\repository\org\seleniumhq\selenium\selenium-java\4.32.0\selenium-java-4.32.0.jar;C:\Users\prave.PRAVEENREDDY.000\.m2\repository\org\seleniumhq\selenium\selenium-api\4.32.0\selenium-api-4.32.0.jar;C:\Users\prave.PRAVEENREDDY.000\.m2\repository\org\jspecify\jspecify\1.0.0\jspecify-1.0.0.jar;C:\Users\prave.PRAVEENREDDY.000\.m2\repository\org\seleniumhq\selenium\selenium-chrome-driver\4.32.0\selenium-chrome-driver-4.32.0.jar;C:\Users\prave.PRAVEENREDDY.000\.m2\repository\com\google\auto\service\auto-service-annotations\1.1.1\auto-service-annotations-1.1.1.jar;C:\Users\prave.PRAVEENREDDY.000\.m2\repository\org\seleniumhq\selenium\selenium-chromium-driver\4.32.0\selenium-chromium-driver-4.32.0.jar;C:\Users\prave.PRAVEENREDDY.000\.m2\repository\org\seleniumhq\selenium\selenium-json\4.32.0\selenium-json-4.32.0.jar;C:\Users\prave.PRAVEENREDDY.000\.m2\repository\org\seleniumhq\selenium\selenium-manager\4.32.0\selenium-manager-4.32.0.jar;C:\Users\prave.PRAVEENREDDY.000\.m2\repository\org\seleniumhq\selenium\selenium-devtools-v134\4.32.0\selenium-devtools-v134-4.32.0.jar;C:\Users\prave.PRAVEENREDDY.000\.m2\repository\org\seleniumhq\selenium\selenium-devtools-v135\4.32.0\selenium-devtools-v135-4.32.0.jar;C:\Users\prave.PRAVEENREDDY.000\.m2\repository\org\seleniumhq\selenium\selenium-devtools-v136\4.32.0\selenium-devtools-v136-4.32.0.jar;C:\Users\prave.PRAVEENREDDY.000\.m2\repository\org\seleniumhq\selenium\selenium-edge-driver\4.32.0\selenium-edge-driver-4.32.0.jar;C:\Users\prave.PRAVEENREDDY.000\.m2\repository\org\seleniumhq\selenium\selenium-firefox-driver\4.32.0\selenium-firefox-driver-4.32.0.jar;C:\Users\prave.PRAVEENREDDY.000\.m2\repository\org\seleniumhq\selenium\selenium-http\4.32.0\selenium-http-4.32.0.jar;C:\Users\prave.PRAVEENREDDY.000\.m2\repository\org\seleniumhq\selenium\selenium-ie-driver\4.32.0\selenium-ie-driver-4.32.0.jar;C:\Users\prave.PRAVEENREDDY.000\.m2\repository\org\seleniumhq\selenium\selenium-remote-driver\4.32.0\selenium-remote-driver-4.32.0.jar;C:\Users\prave.PRAVEENREDDY.000\.m2\repository\com\google\guava\guava\33.4.8-jre\guava-33.4.8-jre.jar;C:\Users\prave.PRAVEENREDDY.000\.m2\repository\com\google\guava\failureaccess\1.0.3\failureaccess-1.0.3.jar;C:\Users\prave.PRAVEENREDDY.000\.m2\repository\com\google\guava\listenablefuture\9999.0-empty-to-avoid-conflict-with-guava\listenablefuture-9999.0-empty-to-avoid-conflict-with-guava.jar;C:\Users\prave.PRAVEENREDDY.000\.m2\repository\com\google\j2objc\j2objc-annotations\3.0.0\j2objc-annotations-3.0.0.jar;C:\Users\prave.PRAVEENREDDY.000\.m2\repository\io\opentelemetry\opentelemetry-api\1.49.0\opentelemetry-api-1.49.0.jar;C:\Users\prave.PRAVEENREDDY.000\.m2\repository\io\opentelemetry\opentelemetry-context\1.49.0\opentelemetry-context-1.49.0.jar;C:\Users\prave.PRAVEENREDDY.000\.m2\repository\io\opentelemetry\opentelemetry-exporter-logging\1.49.0\opentelemetry-exporter-logging-1.49.0.jar;C:\Users\prave.PRAVEENREDDY.000\.m2\repository\io\opentelemetry\opentelemetry-sdk-common\1.49.0\opentelemetry-sdk-common-1.49.0.jar;C:\Users\prave.PRAVEENREDDY.000\.m2\repository\io\opentelemetry\opentelemetry-sdk-extension-autoconfigure-spi\1.49.0\opentelemetry-sdk-extension-autoconfigure-spi-1.49.0.jar;C:\Users\prave.PRAVEENREDDY.000\.m2\repository\io\opentelemetry\opentelemetry-sdk-extension-autoconfigure\1.49.0\opentelemetry-sdk-extension-autoconfigure-1.49.0.jar;C:\Users\prave.PRAVEENREDDY.000\.m2\repository\io\opentelemetry\opentelemetry-sdk-trace\1.49.0\opentelemetry-sdk-trace-1.49.0.jar;C:\Users\prave.PRAVEENREDDY.000\.m2\repository\io\opentelemetry\opentelemetry-sdk\1.49.0\opentelemetry-sdk-1.49.0.jar;C:\Users\prave.PRAVEENREDDY.000\.m2\repository\io\opentelemetry\opentelemetry-sdk-metrics\1.49.0\opentelemetry-sdk-metrics-1.49.0.jar;C:\Users\prave.PRAVEENREDDY.000\.m2\repository\io\opentelemetry\opentelemetry-sdk-logs\1.49.0\opentelemetry-sdk-logs-1.49.0.jar;C:\Users\prave.PRAVEENREDDY.000\.m2\repository\net\bytebuddy\byte-buddy\1.17.5\byte-buddy-1.17.5.jar;C:\Users\prave.PRAVEENREDDY.000\.m2\repository\org\seleniumhq\selenium\selenium-os\4.32.0\selenium-os-4.32.0.jar;C:\Users\prave.PRAVEENREDDY.000\.m2\repository\org\apache\commons\commons-exec\1.4.0\commons-exec-1.4.0.jar;C:\Users\prave.PRAVEENREDDY.000\.m2\repository\org\seleniumhq\selenium\selenium-safari-driver\4.32.0\selenium-safari-driver-4.32.0.jar;C:\Users\prave.PRAVEENREDDY.000\.m2\repository\org\seleniumhq\selenium\selenium-support\4.32.0\selenium-support-4.32.0.jar;C:\Users\prave.PRAVEENREDDY.000\.m2\repository\org\testng\testng\7.10.2\testng-7.10.2.jar;C:\Users\prave.PRAVEENREDDY.000\.m2\repository\org\slf4j\slf4j-api\1.7.36\slf4j-api-1.7.36.jar;C:\Users\prave.PRAVEENREDDY.000\.m2\repository\com\beust\jcommander\1.82\jcommander-1.82.jar;C:\Users\prave.PRAVEENREDDY.000\.m2\repository\org\webjars\jquery\3.7.1\jquery-3.7.1.jar;C:\Users\prave.PRAVEENREDDY.000\.m2\repository\io\github\bonigarcia\webdrivermanager\6.1.0\webdrivermanager-6.1.0.jar;C:\Users\prave.PRAVEENREDDY.000\.m2\repository\com\google\code\gson\gson\2.13.0\gson-2.13.0.jar;C:\Users\prave.PRAVEENREDDY.000\.m2\repository\com\google\errorprone\error_prone_annotations\2.37.0\error_prone_annotations-2.37.0.jar;C:\Users\prave.PRAVEENREDDY.000\.m2\repository\com\github\docker-java\docker-java\3.5.0\docker-java-3.5.0.jar;C:\Users\prave.PRAVEENREDDY.000\.m2\repository\com\github\docker-java\docker-java-core\3.5.0\docker-java-core-3.5.0.jar;C:\Users\prave.PRAVEENREDDY.000\.m2\repository\com\github\docker-java\docker-java-api\3.5.0\docker-java-api-3.5.0.jar;C:\Users\prave.PRAVEENREDDY.000\.m2\repository\org\slf4j\jcl-over-slf4j\1.7.30\jcl-over-slf4j-1.7.30.jar;C:\Users\prave.PRAVEENREDDY.000\.m2\repository\com\github\docker-java\docker-java-transport-httpclient5\3.5.0\docker-java-transport-httpclient5-3.5.0.jar;C:\Users\prave.PRAVEENREDDY.000\.m2\repository\com\github\docker-java\docker-java-transport\3.5.0\docker-java-transport-3.5.0.jar;C:\Users\prave.PRAVEENREDDY.000\.m2\repository\org\brotli\dec\0.1.2\dec-0.1.2.jar;C:\Users\prave.PRAVEENREDDY.000\.m2\repository\org\apache\commons\commons-compress\1.27.1\commons-compress-1.27.1.jar;C:\Users\prave.PRAVEENREDDY.000\.m2\repository\org\apache\httpcomponents\client5\httpclient5\5.4.3\httpclient5-5.4.3.jar;C:\Users\prave.PRAVEENREDDY.000\.m2\repository\org\apache\httpcomponents\core5\httpcore5\5.3.4\httpcore5-5.3.4.jar;C:\Users\prave.PRAVEENREDDY.000\.m2\repository\org\apache\httpcomponents\core5\httpcore5-h2\5.3.4\httpcore5-h2-5.3.4.jar;C:\Users\prave.PRAVEENREDDY.000\.m2\repository\net\java\dev\jna\jna-platform\5.13.0\jna-platform-5.13.0.jar;C:\Users\prave.PRAVEENREDDY.000\.m2\repository\org\apache\commons\commons-lang3\3.18.0\commons-lang3-3.18.0.jar;C:\Users\prave.PRAVEENREDDY.000\.m2\repository\org\apache\logging\log4j\log4j-core\2.25.1\log4j-core-2.25.1.jar;C:\Users\prave.PRAVEENREDDY.000\.m2\repository\org\apache\logging\log4j\log4j-api\2.25.1\log4j-api-2.25.1.jar;C:\Users\prave.PRAVEENREDDY.000\.m2\repository\org\apache\logging\log4j\log4j-slf4j-impl\2.25.1\log4j-slf4j-impl-2.25.1.jar;C:\Users\prave.PRAVEENREDDY.000\.m2\repository\org\apache\poi\poi\5.4.1\poi-5.4.1.jar;C:\Users\prave.PRAVEENREDDY.000\.m2\repository\commons-codec\commons-codec\1.18.0\commons-codec-1.18.0.jar;C:\Users\prave.PRAVEENREDDY.000\.m2\repository\org\apache\commons\commons-collections4\4.4\commons-collections4-4.4.jar;C:\Users\prave.PRAVEENREDDY.000\.m2\repository\org\apache\commons\commons-math3\3.6.1\commons-math3-3.6.1.jar;C:\Users\prave.PRAVEENREDDY.000\.m2\repository\commons-io\commons-io\2.18.0\commons-io-2.18.0.jar;C:\Users\prave.PRAVEENREDDY.000\.m2\repository\com\zaxxer\SparseBitSet\1.3\SparseBitSet-1.3.jar;C:\Users\prave.PRAVEENREDDY.000\.m2\repository\org\apache\poi\poi-ooxml\5.4.1\poi-ooxml-5.4.1.jar;C:\Users\prave.PRAVEENREDDY.000\.m2\repository\org\apache\poi\poi-ooxml-lite\5.4.1\poi-ooxml-lite-5.4.1.jar;C:\Users\prave.PRAVEENREDDY.000\.m2\repository\org\apache\xmlbeans\xmlbeans\5.3.0\xmlbeans-5.3.0.jar;C:\Users\prave.PRAVEENREDDY.000\.m2\repository\com\github\virtuald\curvesapi\1.08\curvesapi-1.08.jar;C:\Users\prave.PRAVEENREDDY.000\.m2\repository\io\cucumber\cucumber-java\7.26.0\cucumber-java-7.26.0.jar;C:\Users\prave.PRAVEENREDDY.000\.m2\repository\org\apiguardian\apiguardian-api\1.1.2\apiguardian-api-1.1.2.jar;C:\Users\prave.PRAVEENREDDY.000\.m2\repository\io\cucumber\cucumber-core\7.26.0\cucumber-core-7.26.0.jar;C:\Users\prave.PRAVEENREDDY.000\.m2\repository\io\cucumber\cucumber-gherkin\7.26.0\cucumber-gherkin-7.26.0.jar;C:\Users\prave.PRAVEENREDDY.000\.m2\repository\io\cucumber\cucumber-gherkin-messages\7.26.0\cucumber-gherkin-messages-7.26.0.jar;C:\Users\prave.PRAVEENREDDY.000\.m2\repository\io\cucumber\gherkin\33.0.0\gherkin-33.0.0.jar;C:\Users\prave.PRAVEENREDDY.000\.m2\repository\io\cucumber\messages\28.0.0\messages-28.0.0.jar;C:\Users\prave.PRAVEENREDDY.000\.m2\repository\io\cucumber\pretty-formatter\0.3.0\pretty-formatter-0.3.0.jar;C:\Users\prave.PRAVEENREDDY.000\.m2\repository\io\cucumber\query\13.6.0\query-13.6.0.jar;C:\Users\prave.PRAVEENREDDY.000\.m2\repository\io\cucumber\testng-xml-formatter\0.4.0\testng-xml-formatter-0.4.0.jar;C:\Users\prave.PRAVEENREDDY.000\.m2\repository\io\cucumber\tag-expressions\6.1.2\tag-expressions-6.1.2.jar;C:\Users\prave.PRAVEENREDDY.000\.m2\repository\io\cucumber\cucumber-expressions\18.0.1\cucumber-expressions-18.0.1.jar;C:\Users\prave.PRAVEENREDDY.000\.m2\repository\io\cucumber\datatable\7.26.0\datatable-7.26.0.jar;C:\Users\prave.PRAVEENREDDY.000\.m2\repository\io\cucumber\cucumber-plugin\7.26.0\cucumber-plugin-7.26.0.jar;C:\Users\prave.PRAVEENREDDY.000\.m2\repository\io\cucumber\docstring\7.26.0\docstring-7.26.0.jar;C:\Users\prave.PRAVEENREDDY.000\.m2\repository\io\cucumber\html-formatter\21.13.0\html-formatter-21.13.0.jar;C:\Users\prave.PRAVEENREDDY.000\.m2\repository\io\cucumber\junit-xml-formatter\0.8.0\junit-xml-formatter-0.8.0.jar;C:\Users\prave.PRAVEENREDDY.000\.m2\repository\io\cucumber\ci-environment\10.0.1\ci-environment-10.0.1.jar;C:\Users\prave.PRAVEENREDDY.000\.m2\repository\io\cucumber\cucumber-testng\7.26.0\cucumber-testng-7.26.0.jar;C:\Users\prave.PRAVEENREDDY.000\.m2\repository\tech\grasshopper\extentreports-cucumber7-adapter\1.12.0\extentreports-cucumber7-adapter-1.12.0.jar;C:\Users\prave.PRAVEENREDDY.000\.m2\repository\com\aventstack\extentreports\5.0.9\extentreports-5.0.9.jar;C:\Users\prave.PRAVEENREDDY.000\.m2\repository\io\reactivex\rxjava3\rxjava\3.0.4\rxjava-3.0.4.jar;C:\Users\prave.PRAVEENREDDY.000\.m2\repository\org\reactivestreams\reactive-streams\1.0.3\reactive-streams-1.0.3.jar;C:\Users\prave.PRAVEENREDDY.000\.m2\repository\org\freemarker\freemarker\2.3.30\freemarker-2.3.30.jar;C:\Users\prave.PRAVEENREDDY.000\.m2\repository\tech\grasshopper\extent-pdf-report\2.10.0\extent-pdf-report-2.10.0.jar;C:\Users\prave.PRAVEENREDDY.000\.m2\repository\tech\grasshopper\cucumber-pdf-report\2.12.0\cucumber-pdf-report-2.12.0.jar;C:\Users\prave.PRAVEENREDDY.000\.m2\repository\org\apache\pdfbox\pdfbox\2.0.26\pdfbox-2.0.26.jar;C:\Users\prave.PRAVEENREDDY.000\.m2\repository\org\apache\pdfbox\fontbox\2.0.26\fontbox-2.0.26.jar;C:\Users\prave.PRAVEENREDDY.000\.m2\repository\org\knowm\xchart\xchart\3.8.0\xchart-3.8.0.jar;C:\Users\prave.PRAVEENREDDY.000\.m2\repository\de\erichseifert\vectorgraphics2d\VectorGraphics2D\0.13\VectorGraphics2D-0.13.jar;C:\Users\prave.PRAVEENREDDY.000\.m2\repository\de\rototor\pdfbox\graphics2d\0.30\graphics2d-0.30.jar;C:\Users\prave.PRAVEENREDDY.000\.m2\repository\com\madgag\animated-gif-lib\1.4\animated-gif-lib-1.4.jar;C:\Users\prave.PRAVEENREDDY.000\.m2\repository\org\yaml\snakeyaml\1.28\snakeyaml-1.28.jar;C:\Users\prave.PRAVEENREDDY.000\.m2\repository\tech\grasshopper\table-layout\1.5.1\table-layout-1.5.1.jar;C:\Users\prave.PRAVEENREDDY.000\.m2\repository\tech\grasshopper\rest-assured-cucumber-pdf-report\1.4.1\rest-assured-cucumber-pdf-report-1.4.1.jar;C:\Users\prave.PRAVEENREDDY.000\.m2\repository\org\jsoup\jsoup\1.15.3\jsoup-1.15.3.jar;C:\Users\prave.PRAVEENREDDY.000\.m2\repository\com\aventstack\klov-reporter\5.0.9\klov-reporter-5.0.9.jar;C:\Users\prave.PRAVEENREDDY.000\.m2\repository\org\mongodb\mongodb-driver\3.6.4\mongodb-driver-3.6.4.jar;C:\Users\prave.PRAVEENREDDY.000\.m2\repository\org\mongodb\mongodb-driver-core\3.6.4\mongodb-driver-core-3.6.4.jar;C:\Users\prave.PRAVEENREDDY.000\.m2\repository\org\mongodb\bson\3.6.4\bson-3.6.4.jar;C:\Users\prave.PRAVEENREDDY.000\.m2\repository\org\apache\httpcomponents\httpclient\4.5.13\httpclient-4.5.13.jar;C:\Users\prave.PRAVEENREDDY.000\.m2\repository\org\apache\httpcomponents\httpcore\4.4.13\httpcore-4.4.13.jar;C:\Users\prave.PRAVEENREDDY.000\.m2\repository\commons-logging\commons-logging\1.2\commons-logging-1.2.jar;C:\Users\prave.PRAVEENREDDY.000\.m2\repository\org\apache\httpcomponents\httpmime\4.5.13\httpmime-4.5.13.jar;C:\Users\prave.PRAVEENREDDY.000\.m2\repository\tech\grasshopper\htmlextentreporter\1.0.1\htmlextentreporter-1.0.1.jar;C:\Users\prave.PRAVEENREDDY.000\.m2\repository\tech\grasshopper\extent-excel-report\1.3.0\extent-excel-report-1.3.0.jar;C:\Users\prave.PRAVEENREDDY.000\.m2\repository\net\java\dev\jna\jna\5.14.0\jna-5.14.0.jar;C:\Users\prave.PRAVEENREDDY.000\.m2\repository\com\fasterxml\jackson\core\jackson-databind\2.17.2\jackson-databind-2.17.2.jar;C:\Users\prave.PRAVEENREDDY.000\.m2\repository\com\fasterxml\jackson\core\jackson-annotations\2.17.2\jackson-annotations-2.17.2.jar;C:\Users\prave.PRAVEENREDDY.000\.m2\repository\com\fasterxml\jackson\core\jackson-core\2.17.2\jackson-core-2.17.2.jar;C:\Users\prave.PRAVEENREDDY.000\.m2\repository\com\sun\mail\jakarta.mail\2.0.1\jakarta.mail-2.0.1.jar;C:\Users\prave.PRAVEENREDDY.000\.m2\repository\com\sun\activation\jakarta.activation\2.0.1\jakarta.activation-2.0.1.jar;C:\Users\prave.PRAVEENREDDY.000\.m2\repository\org\projectlombok\lombok\1.18.32\lombok-1.18.32.jar;"/>
    <property name="sun.cpu.endian" value="little"/>
    <property name="user.home" value="C:\Users\prave.PRAVEENREDDY.000"/>
    <property name="user.language" value="en"/>
    <property name="java.specification.vendor" value="Oracle Corporation"/>
    <property name="java.version.date" value="2025-04-15"/>
    <property name="java.home" value="C:\Program Files\Java\jdk-24"/>
    <property name="file.separator" value="\"/>
    <property name="basedir" value="C:\Users\prave.PRAVEENREDDY.000\eclipse-workspace\TradingStocks"/>
    <property name="java.vm.compressedOopsMode" value="Zero based"/>
    <property name="line.separator" value="&#10;"/>
    <property name="java.vm.specification.vendor" value="Oracle Corporation"/>
    <property name="java.specification.name" value="Java Platform API Specification"/>
    <property name="surefire.real.class.path" value="C:\Users\prave.PRAVEENREDDY.000\AppData\Local\Temp\surefire7151714126885556206\surefirebooter-20250917095159331_3.jar"/>
    <property name="user.script" value=""/>
    <property name="sun.management.compiler" value="HotSpot 64-Bit Tiered Compilers"/>
    <property name="java.runtime.version" value="24.0.1+9-30"/>
    <property name="user.name" value="prave"/>
    <property name="stdout.encoding" value="Cp1252"/>
    <property name="path.separator" value=";"/>
    <property name="os.version" value="10.0"/>
    <property name="java.runtime.name" value="Java(TM) SE Runtime Environment"/>
    <property name="file.encoding" value="UTF-8"/>
    <property name="java.vm.name" value="Java HotSpot(TM) 64-Bit Server VM"/>
    <property name="localRepository" value="C:\Users\prave.PRAVEENREDDY.000\.m2\repository"/>
    <property name="java.vendor.url.bug" value="https://bugreport.java.com/bugreport/"/>
    <property name="java.io.tmpdir" value="C:\Users\PRAVEP~1.000\AppData\Local\Temp\"/>
    <property name="java.version" value="24.0.1"/>
    <property name="user.dir" value="C:\Users\prave.PRAVEENREDDY.000\eclipse-workspace\TradingStocks"/>
    <property name="os.arch" value="amd64"/>
    <property name="java.vm.specification.name" value="Java Virtual Machine Specification"/>
    <property name="sun.os.patch.level" value=""/>
    <property name="native.encoding" value="Cp1252"/>
    <property name="java.library.path" value="C:\Program Files\Java\jdk-24\bin;C:\WINDOWS\Sun\Java\bin;C:\WINDOWS\system32;C:\WINDOWS;C:\Program Files\Common Files\Oracle\Java\javapath;C:\Program Files\Java\jdk-24\bin;C:\Users\prave.PRAVEENREDDY.000\SQL\bin;C:\WINDOWS\system32;C:\WINDOWS;C:\WINDOWS\System32\Wbem;C:\WINDOWS\System32\WindowsPowerShell\v1.0\;C:\WINDOWS\System32\OpenSSH\;C:\Program Files\Notepad++;C:\Program Files\MySQL\MySQL Server 8.0\bin;C:\Program Files (x86)\Microsoft SQL Server\160\Tools\Binn\;C:\Program Files\Microsoft SQL Server\160\Tools\Binn\;C:\Program Files\Microsoft SQL Server\Client SDK\ODBC\170\Tools\Binn\;C:\Program Files\Microsoft SQL Server\160\DTS\Binn\;C:\Program Files\Tesseract-OCR\;C:\apache-maven-3.9.10\bin;C:\Program Files\apache-maven-3.9.10\bin;C:\Program Files\Git\cmd;D:\;D:\node_modules;C:\Users\prave.PRAVEENREDDY.000\AppData\Local\Programs\Python\Python311\Scripts\;C:\Users\prave.PRAVEENREDDY.000\AppData\Local\Programs\Python\Python311\;C:\Users\prave.PRAVEENREDDY.000\AppData\Local\Programs\Python\Python312\Scripts\;C:\Users\prave.PRAVEENREDDY.000\AppData\Local\Programs\Python\Python312\;C:\Users\prave.PRAVEENREDDY.000\AppData\Local\Programs\Python\Python313\Scripts\;C:\Users\prave.PRAVEENREDDY.000\AppData\Local\Programs\Python\Python313\;C:\Users\prave.PRAVEENREDDY.000\AppData\Local\Microsoft\WindowsApps;C:\Users\prave.PRAVEENREDDY.000\AppData\Local\Programs\Microsoft VS Code\bin;C:\Users\prave.PRAVEENREDDY.000\AppData\Roaming\npm;."/>
    <property name="java.vm.info" value="mixed mode, sharing"/>
    <property name="stderr.encoding" value="Cp1252"/>
    <property name="java.vendor" value="Oracle Corporation"/>
    <property name="java.vm.version" value="24.0.1+9-30"/>
    <property name="sun.io.unicode.encoding" value="UnicodeLittle"/>
    <property name="java.class.version" value="68.0"/>
  </properties>
  <testcase name="runScenario[&quot;Extracting data from Nse&quot;, &quot;Validation For Most Active Futures Contracts Data in NSE&quot;](1)" classname="testRunner.TestRunner" time="0.0">
    <skipped message="Expected condition failed: waiting for visibility of all elements located by By.xpath: //table[@id=&apos;MACEquityTable&apos;]//tbody//following::tr//td[text()=&apos;Stock Futures&apos;]//parent::tr (tried for 5 second(s) with 500 milliseconds interval)&#10;Build info: version: &apos;4.32.0&apos;, revision: &apos;d17c8aa950&apos;&#10;System info: os.name: &apos;Windows 11&apos;, os.arch: &apos;amd64&apos;, os.version: &apos;10.0&apos;, java.version: &apos;24.0.1&apos;&#10;Driver info: org.openqa.selenium.firefox.FirefoxDriver&#10;Capabilities {acceptInsecureCerts: true, browserName: firefox, browserVersion: 143.0, moz:accessibilityChecks: false, moz:buildID: 20250908174027, moz:geckodriverVersion: 0.36.0, moz:headless: true, moz:platformVersion: 10.0, moz:processID: 28332, moz:profile: C:\Users\PRAVEP~1.000\AppDa..., moz:shutdownTimeout: 60000, moz:webdriverClick: true, moz:windowless: false, pageLoadStrategy: normal, platformName: windows, proxy: Proxy(), setWindowRect: true, strictFileInteractability: false, timeouts: {implicit: 0, pageLoad: 300000, script: 30000}, unhandledPromptBehavior: dismiss and notify, userAgent: Mozilla/5.0 (Windows NT 10....}&#10;Session ID: a79a1328-1352-4d6c-ba01-5b648367c772"/>
    <system-out><![CDATA[[MYLOG]🔄 Cleared test data storage before execution.

Scenario: Extracting data from Nse                  # file:///C:/Users/prave.PRAVEENREDDY.000/eclipse-workspace/TradingStocks/src/test/java/Features/ActiveFutureContracts.feature:2
  ✔ Given Enter The Application Url                 # stepDefinitions.ActiveFutureContractStepDefinition.enter_the_application_url()
Inside When Step >>> Calling Data Method
[MYLOG] :  &amp#27;[31m************************[   MOST ACTIVE FUTURE CONTRACTS   ]*********************&amp#27;[0m
  ✘ When Click On Most Active Futures Contract Data # stepDefinitions.ActiveFutureContractStepDefinition.click_on_most_active_futures_contract_data()
        org.openqa.selenium.TimeoutException: Expected condition failed: waiting for visibility of all elements located by By.xpath: //table[@id='MACEquityTable']//tbody//following::tr//td[text()='Stock Futures']//parent::tr (tried for 5 second(s) with 500 milliseconds interval)
        Build info: version: '4.32.0', revision: 'd17c8aa950'
        System info: os.name: 'Windows 11', os.arch: 'amd64', os.version: '10.0', java.version: '24.0.1'
        Driver info: org.openqa.selenium.firefox.FirefoxDriver
        Capabilities {acceptInsecureCerts: true, browserName: firefox, browserVersion: 143.0, moz:accessibilityChecks: false, moz:buildID: 20250908174027, moz:geckodriverVersion: 0.36.0, moz:headless: true, moz:platformVersion: 10.0, moz:processID: 28332, moz:profile: C:\Users\PRAVEP~1.000\AppDa..., moz:shutdownTimeout: 60000, moz:webdriverClick: true, moz:windowless: false, pageLoadStrategy: normal, platformName: windows, proxy: Proxy(), setWindowRect: true, strictFileInteractability: false, timeouts: {implicit: 0, pageLoad: 300000, script: 30000}, unhandledPromptBehavior: dismiss and notify, userAgent: Mozilla/5.0 (Windows NT 10....}
        Session ID: a79a1328-1352-4d6c-ba01-5b648367c772
        	at org.openqa.selenium.support.ui.WebDriverWait.timeoutException(WebDriverWait.java:84)
        	at org.openqa.selenium.support.ui.FluentWait.until(FluentWait.java:228)
        	at pageObjects.FutureContracts.dataOfMostActiveFutureContract(FutureContracts.java:59)
        	at stepDefinitions.ActiveFutureContractStepDefinition.click_on_most_active_futures_contract_data(ActiveFutureContractStepDefinition.java:24)
        	at ✽.Click On Most Active Futures Contract Data(file:///C:/Users/prave.PRAVEENREDDY.000/eclipse-workspace/TradingStocks/src/test/java/Features/ActiveFutureContracts.feature:4)
Retrying test runScenario for the 1 time(s).
]]></system-out>
  </testcase>
  <testcase name="runScenario[&quot;Extracting data from Nse&quot;, &quot;Validation For Most Active Futures Contracts Data in NSE&quot;](2)" classname="testRunner.TestRunner" time="0.0">
    <skipped message="Expected condition failed: waiting for visibility of all elements located by By.xpath: //table[@id=&apos;MACEquityTable&apos;]//tbody//following::tr//td[text()=&apos;Stock Futures&apos;]//parent::tr (tried for 5 second(s) with 500 milliseconds interval)&#10;Build info: version: &apos;4.32.0&apos;, revision: &apos;d17c8aa950&apos;&#10;System info: os.name: &apos;Windows 11&apos;, os.arch: &apos;amd64&apos;, os.version: &apos;10.0&apos;, java.version: &apos;24.0.1&apos;&#10;Driver info: org.openqa.selenium.firefox.FirefoxDriver&#10;Capabilities {acceptInsecureCerts: true, browserName: firefox, browserVersion: 143.0, moz:accessibilityChecks: false, moz:buildID: 20250908174027, moz:geckodriverVersion: 0.36.0, moz:headless: true, moz:platformVersion: 10.0, moz:processID: 21296, moz:profile: C:\Users\PRAVEP~1.000\AppDa..., moz:shutdownTimeout: 60000, moz:webdriverClick: true, moz:windowless: false, pageLoadStrategy: normal, platformName: windows, proxy: Proxy(), setWindowRect: true, strictFileInteractability: false, timeouts: {implicit: 0, pageLoad: 300000, script: 30000}, unhandledPromptBehavior: dismiss and notify, userAgent: Mozilla/5.0 (Windows NT 10....}&#10;Session ID: 6da63667-4e3e-40fd-bad2-cba7d067959b"/>
    <system-out><![CDATA[
Scenario: Extracting data from Nse                  # file:///C:/Users/prave.PRAVEENREDDY.000/eclipse-workspace/TradingStocks/src/test/java/Features/ActiveFutureContracts.feature:2
  ✔ Given Enter The Application Url                 # stepDefinitions.ActiveFutureContractStepDefinition.enter_the_application_url()
Inside When Step >>> Calling Data Method
[MYLOG] :  &amp#27;[31m************************[   MOST ACTIVE FUTURE CONTRACTS   ]*********************&amp#27;[0m
  ✘ When Click On Most Active Futures Contract Data # stepDefinitions.ActiveFutureContractStepDefinition.click_on_most_active_futures_contract_data()
        org.openqa.selenium.TimeoutException: Expected condition failed: waiting for visibility of all elements located by By.xpath: //table[@id='MACEquityTable']//tbody//following::tr//td[text()='Stock Futures']//parent::tr (tried for 5 second(s) with 500 milliseconds interval)
        Build info: version: '4.32.0', revision: 'd17c8aa950'
        System info: os.name: 'Windows 11', os.arch: 'amd64', os.version: '10.0', java.version: '24.0.1'
        Driver info: org.openqa.selenium.firefox.FirefoxDriver
        Capabilities {acceptInsecureCerts: true, browserName: firefox, browserVersion: 143.0, moz:accessibilityChecks: false, moz:buildID: 20250908174027, moz:geckodriverVersion: 0.36.0, moz:headless: true, moz:platformVersion: 10.0, moz:processID: 21296, moz:profile: C:\Users\PRAVEP~1.000\AppDa..., moz:shutdownTimeout: 60000, moz:webdriverClick: true, moz:windowless: false, pageLoadStrategy: normal, platformName: windows, proxy: Proxy(), setWindowRect: true, strictFileInteractability: false, timeouts: {implicit: 0, pageLoad: 300000, script: 30000}, unhandledPromptBehavior: dismiss and notify, userAgent: Mozilla/5.0 (Windows NT 10....}
        Session ID: 6da63667-4e3e-40fd-bad2-cba7d067959b
        	at org.openqa.selenium.support.ui.WebDriverWait.timeoutException(WebDriverWait.java:84)
        	at org.openqa.selenium.support.ui.FluentWait.until(FluentWait.java:228)
        	at pageObjects.FutureContracts.dataOfMostActiveFutureContract(FutureContracts.java:59)
        	at stepDefinitions.ActiveFutureContractStepDefinition.click_on_most_active_futures_contract_data(ActiveFutureContractStepDefinition.java:24)
        	at ✽.Click On Most Active Futures Contract Data(file:///C:/Users/prave.PRAVEENREDDY.000/eclipse-workspace/TradingStocks/src/test/java/Features/ActiveFutureContracts.feature:4)
Retrying test runScenario for the 2 time(s).
]]></system-out>
  </testcase>
  <testcase name="runScenario[&quot;Extracting data from Nse&quot;, &quot;Validation For Most Active Futures Contracts Data in NSE&quot;](3)" classname="testRunner.TestRunner" time="7.138">
    <system-out><![CDATA[
Scenario: Extracting data from Nse                  # file:///C:/Users/prave.PRAVEENREDDY.000/eclipse-workspace/TradingStocks/src/test/java/Features/ActiveFutureContracts.feature:2
  ✔ Given Enter The Application Url                 # stepDefinitions.ActiveFutureContractStepDefinition.enter_the_application_url()
Inside When Step >>> Calling Data Method
[MYLOG] :  &amp#27;[31m************************[   MOST ACTIVE FUTURE CONTRACTS   ]*********************&amp#27;[0m
[MYLOG] :  TATAMOTORS
[MYLOG] :  BEL
[MYLOG] :  TATACONSUM
[MYLOG] :  PERSISTENT
[MYLOG] :  TCS
[MYLOG] :  HDFCBANK
[MYLOG] :  TATACHEM
[MYLOG] :  MARUTI
[MYLOG] :  HAL
[MYLOG] :  AMBER
[MYLOG] :  LT
[MYLOG] :  KOTAKBANK
[MYLOG] :  HCLTECH
[MYLOG] :  AXISBANK
[MYLOG] :  RELIANCE
[MYLOG] :  INFY
[MYLOG] :  BRITANNIA
[MYLOG] :  VEDL
[MYLOG] :  COALINDIA
[MYLOG] :  TRENT
[MYLOG] :  &amp#27;[31m************************[   MOST ACTIVE FUTURE CONTRACTS   ]*********************&amp#27;[0m
  ✔ When Click On Most Active Futures Contract Data # stepDefinitions.ActiveFutureContractStepDefinition.click_on_most_active_futures_contract_data()
]]></system-out>
  </testcase>
  <testcase name="runScenario[&quot;Extracting data from Nse of Rise In OI Rise In Price&quot;, &quot;Validation For Bullish Stocks Rise In OI Rise In Price Data in NSE&quot;](4)" classname="testRunner.TestRunner" time="0.0">
    <skipped message="expected [true] but found [false]"/>
    <system-out><![CDATA[
Scenario: Extracting data from Nse of Rise In OI Rise In Price   # file:///C:/Users/prave.PRAVEENREDDY.000/eclipse-workspace/TradingStocks/src/test/java/Features/Bullish.feature:2
  ✔ Given Enter The Application Url for Rise In OI Rise In Price # stepDefinitions.BullishStocksTradStepDefinition.enter_the_application_url_for_rise_in_oi_rise_in_price()
[MYLOG] :  &amp#27;[31m********************[  RISE In OI ad RISE In PRICE (BULLISH) ]*****************&amp#27;[0m
[MYLOG] :  &amp#27;[31m********************[   RISE In OI ad RISE In PRICE (BULLISH) ]*****************&amp#27;[0m
  ✘ When Click On Rise In OI Rise In Price for Stocks Data       # stepDefinitions.BullishStocksTradStepDefinition.click_on_rise_in_oi_rise_in_price_for_stocks_data()
        java.lang.AssertionError: expected [true] but found [false]
        	at org.testng.Assert.fail(Assert.java:111)
        	at org.testng.Assert.failNotEquals(Assert.java:1578)
        	at org.testng.Assert.assertTrue(Assert.java:57)
        	at org.testng.Assert.assertTrue(Assert.java:67)
        	at pageObjects.RORIBullish.riseInOiandRiseInPrice(RORIBullish.java:75)
        	at stepDefinitions.BullishStocksTradStepDefinition.click_on_rise_in_oi_rise_in_price_for_stocks_data(BullishStocksTradStepDefinition.java:20)
        	at ✽.Click On Rise In OI Rise In Price for Stocks Data(file:///C:/Users/prave.PRAVEENREDDY.000/eclipse-workspace/TradingStocks/src/test/java/Features/Bullish.feature:4)
Retrying test runScenario for the 1 time(s).
]]></system-out>
  </testcase>
  <testcase name="runScenario[&quot;Extracting data from Nse of Rise In OI Rise In Price&quot;, &quot;Validation For Bullish Stocks Rise In OI Rise In Price Data in NSE&quot;](5)" classname="testRunner.TestRunner" time="0.0">
    <skipped message="Unable to locate element: //option[@value=&apos;Rise-in-OI-Rise&apos;]&#10;For documentation on this error, please visit: https://www.selenium.dev/documentation/webdriver/troubleshooting/errors#no-such-element-exception&#10;Build info: version: &apos;4.32.0&apos;, revision: &apos;d17c8aa950&apos;&#10;System info: os.name: &apos;Windows 11&apos;, os.arch: &apos;amd64&apos;, os.version: &apos;10.0&apos;, java.version: &apos;24.0.1&apos;&#10;Driver info: org.openqa.selenium.firefox.FirefoxDriver&#10;Command: [5cdbfad3-58fc-47c2-894b-716c776fe22b, findElement {value=//option[@value=&apos;Rise-in-OI-Rise&apos;], using=xpath}]&#10;Capabilities {acceptInsecureCerts: true, browserName: firefox, browserVersion: 143.0, moz:accessibilityChecks: false, moz:buildID: 20250908174027, moz:geckodriverVersion: 0.36.0, moz:headless: true, moz:platformVersion: 10.0, moz:processID: 12576, moz:profile: C:\Users\PRAVEP~1.000\AppDa..., moz:shutdownTimeout: 60000, moz:webdriverClick: true, moz:windowless: false, pageLoadStrategy: normal, platformName: windows, proxy: Proxy(), setWindowRect: true, strictFileInteractability: false, timeouts: {implicit: 0, pageLoad: 300000, script: 30000}, unhandledPromptBehavior: dismiss and notify, userAgent: Mozilla/5.0 (Windows NT 10....}&#10;Session ID: 5cdbfad3-58fc-47c2-894b-716c776fe22b"/>
    <system-out><![CDATA[
Scenario: Extracting data from Nse of Rise In OI Rise In Price   # file:///C:/Users/prave.PRAVEENREDDY.000/eclipse-workspace/TradingStocks/src/test/java/Features/Bullish.feature:2
  ✔ Given Enter The Application Url for Rise In OI Rise In Price # stepDefinitions.BullishStocksTradStepDefinition.enter_the_application_url_for_rise_in_oi_rise_in_price()
  ✘ When Click On Rise In OI Rise In Price for Stocks Data       # stepDefinitions.BullishStocksTradStepDefinition.click_on_rise_in_oi_rise_in_price_for_stocks_data()
        org.openqa.selenium.NoSuchElementException: Unable to locate element: //option[@value='Rise-in-OI-Rise']
        For documentation on this error, please visit: https://www.selenium.dev/documentation/webdriver/troubleshooting/errors#no-such-element-exception
        Build info: version: '4.32.0', revision: 'd17c8aa950'
        System info: os.name: 'Windows 11', os.arch: 'amd64', os.version: '10.0', java.version: '24.0.1'
        Driver info: org.openqa.selenium.firefox.FirefoxDriver
        Command: [5cdbfad3-58fc-47c2-894b-716c776fe22b, findElement {value=//option[@value='Rise-in-OI-Rise'], using=xpath}]
        Capabilities {acceptInsecureCerts: true, browserName: firefox, browserVersion: 143.0, moz:accessibilityChecks: false, moz:buildID: 20250908174027, moz:geckodriverVersion: 0.36.0, moz:headless: true, moz:platformVersion: 10.0, moz:processID: 12576, moz:profile: C:\Users\PRAVEP~1.000\AppDa..., moz:shutdownTimeout: 60000, moz:webdriverClick: true, moz:windowless: false, pageLoadStrategy: normal, platformName: windows, proxy: Proxy(), setWindowRect: true, strictFileInteractability: false, timeouts: {implicit: 0, pageLoad: 300000, script: 30000}, unhandledPromptBehavior: dismiss and notify, userAgent: Mozilla/5.0 (Windows NT 10....}
        Session ID: 5cdbfad3-58fc-47c2-894b-716c776fe22b
        	at java.base/jdk.internal.reflect.DirectConstructorHandleAccessor.newInstance(DirectConstructorHandleAccessor.java:62)
        	at java.base/java.lang.reflect.Constructor.newInstanceWithCaller(Constructor.java:499)
        	at java.base/java.lang.reflect.Constructor.newInstance(Constructor.java:483)
        	at org.openqa.selenium.remote.ErrorCodec.decode(ErrorCodec.java:167)
        	at org.openqa.selenium.remote.codec.w3c.W3CHttpResponseCodec.decode(W3CHttpResponseCodec.java:138)
        	at org.openqa.selenium.remote.codec.w3c.W3CHttpResponseCodec.decode(W3CHttpResponseCodec.java:50)
        	at org.openqa.selenium.remote.HttpCommandExecutor.execute(HttpCommandExecutor.java:215)
        	at org.openqa.selenium.remote.service.DriverCommandExecutor.invokeExecute(DriverCommandExecutor.java:216)
        	at org.openqa.selenium.remote.service.DriverCommandExecutor.execute(DriverCommandExecutor.java:174)
        	at org.openqa.selenium.remote.RemoteWebDriver.execute(RemoteWebDriver.java:545)
        	at org.openqa.selenium.remote.ElementLocation$ElementFinder$2.findElement(ElementLocation.java:165)
        	at org.openqa.selenium.remote.ElementLocation.findElement(ElementLocation.java:59)
        	at org.openqa.selenium.remote.RemoteWebDriver.findElement(RemoteWebDriver.java:368)
        	at org.openqa.selenium.remote.RemoteWebDriver.findElement(RemoteWebDriver.java:362)
        	at pageObjects.RORIBullish.riseInOiandRiseInPrice(RORIBullish.java:42)
        	at stepDefinitions.BullishStocksTradStepDefinition.click_on_rise_in_oi_rise_in_price_for_stocks_data(BullishStocksTradStepDefinition.java:20)
        	at ✽.Click On Rise In OI Rise In Price for Stocks Data(file:///C:/Users/prave.PRAVEENREDDY.000/eclipse-workspace/TradingStocks/src/test/java/Features/Bullish.feature:4)
Retrying test runScenario for the 2 time(s).
]]></system-out>
  </testcase>
  <testcase name="runScenario[&quot;Extracting data from Nse of Rise In OI Rise In Price&quot;, &quot;Validation For Bullish Stocks Rise In OI Rise In Price Data in NSE&quot;](6)" classname="testRunner.TestRunner" time="0.0">
    <skipped message="expected [true] but found [false]"/>
    <system-out><![CDATA[
Scenario: Extracting data from Nse of Rise In OI Rise In Price   # file:///C:/Users/prave.PRAVEENREDDY.000/eclipse-workspace/TradingStocks/src/test/java/Features/Bullish.feature:2
  ✔ Given Enter The Application Url for Rise In OI Rise In Price # stepDefinitions.BullishStocksTradStepDefinition.enter_the_application_url_for_rise_in_oi_rise_in_price()
[MYLOG] :  &amp#27;[31m********************[  RISE In OI ad RISE In PRICE (BULLISH) ]*****************&amp#27;[0m
[MYLOG] :  &amp#27;[31m********************[   RISE In OI ad RISE In PRICE (BULLISH) ]*****************&amp#27;[0m
  ✘ When Click On Rise In OI Rise In Price for Stocks Data       # stepDefinitions.BullishStocksTradStepDefinition.click_on_rise_in_oi_rise_in_price_for_stocks_data()
        java.lang.AssertionError: expected [true] but found [false]
        	at org.testng.Assert.fail(Assert.java:111)
        	at org.testng.Assert.failNotEquals(Assert.java:1578)
        	at org.testng.Assert.assertTrue(Assert.java:57)
        	at org.testng.Assert.assertTrue(Assert.java:67)
        	at pageObjects.RORIBullish.riseInOiandRiseInPrice(RORIBullish.java:75)
        	at stepDefinitions.BullishStocksTradStepDefinition.click_on_rise_in_oi_rise_in_price_for_stocks_data(BullishStocksTradStepDefinition.java:20)
        	at ✽.Click On Rise In OI Rise In Price for Stocks Data(file:///C:/Users/prave.PRAVEENREDDY.000/eclipse-workspace/TradingStocks/src/test/java/Features/Bullish.feature:4)
Retrying test runScenario for the 3 time(s).
]]></system-out>
  </testcase>
  <testcase name="runScenario[&quot;Extracting data from Nse of Rise In OI Rise In Price&quot;, &quot;Validation For Bullish Stocks Rise In OI Rise In Price Data in NSE&quot;](7)" classname="testRunner.TestRunner" time="0.0">
    <skipped message="expected [true] but found [false]"/>
    <system-out><![CDATA[
Scenario: Extracting data from Nse of Rise In OI Rise In Price   # file:///C:/Users/prave.PRAVEENREDDY.000/eclipse-workspace/TradingStocks/src/test/java/Features/Bullish.feature:2
  ✔ Given Enter The Application Url for Rise In OI Rise In Price # stepDefinitions.BullishStocksTradStepDefinition.enter_the_application_url_for_rise_in_oi_rise_in_price()
[MYLOG] :  &amp#27;[31m********************[  RISE In OI ad RISE In PRICE (BULLISH) ]*****************&amp#27;[0m
[MYLOG] :  &amp#27;[31m********************[   RISE In OI ad RISE In PRICE (BULLISH) ]*****************&amp#27;[0m
  ✘ When Click On Rise In OI Rise In Price for Stocks Data       # stepDefinitions.BullishStocksTradStepDefinition.click_on_rise_in_oi_rise_in_price_for_stocks_data()
        java.lang.AssertionError: expected [true] but found [false]
        	at org.testng.Assert.fail(Assert.java:111)
        	at org.testng.Assert.failNotEquals(Assert.java:1578)
        	at org.testng.Assert.assertTrue(Assert.java:57)
        	at org.testng.Assert.assertTrue(Assert.java:67)
        	at pageObjects.RORIBullish.riseInOiandRiseInPrice(RORIBullish.java:75)
        	at stepDefinitions.BullishStocksTradStepDefinition.click_on_rise_in_oi_rise_in_price_for_stocks_data(BullishStocksTradStepDefinition.java:20)
        	at ✽.Click On Rise In OI Rise In Price for Stocks Data(file:///C:/Users/prave.PRAVEENREDDY.000/eclipse-workspace/TradingStocks/src/test/java/Features/Bullish.feature:4)
Retrying test runScenario for the 4 time(s).
]]></system-out>
  </testcase>
  <testcase name="runScenario[&quot;Extracting data from Nse of Rise In OI Rise In Price&quot;, &quot;Validation For Bullish Stocks Rise In OI Rise In Price Data in NSE&quot;](8)" classname="testRunner.TestRunner" time="0.0">
    <skipped message="expected [true] but found [false]"/>
    <system-out><![CDATA[
Scenario: Extracting data from Nse of Rise In OI Rise In Price   # file:///C:/Users/prave.PRAVEENREDDY.000/eclipse-workspace/TradingStocks/src/test/java/Features/Bullish.feature:2
  ✔ Given Enter The Application Url for Rise In OI Rise In Price # stepDefinitions.BullishStocksTradStepDefinition.enter_the_application_url_for_rise_in_oi_rise_in_price()
[MYLOG] :  &amp#27;[31m********************[  RISE In OI ad RISE In PRICE (BULLISH) ]*****************&amp#27;[0m
[MYLOG] :  &amp#27;[31m********************[   RISE In OI ad RISE In PRICE (BULLISH) ]*****************&amp#27;[0m
  ✘ When Click On Rise In OI Rise In Price for Stocks Data       # stepDefinitions.BullishStocksTradStepDefinition.click_on_rise_in_oi_rise_in_price_for_stocks_data()
        java.lang.AssertionError: expected [true] but found [false]
        	at org.testng.Assert.fail(Assert.java:111)
        	at org.testng.Assert.failNotEquals(Assert.java:1578)
        	at org.testng.Assert.assertTrue(Assert.java:57)
        	at org.testng.Assert.assertTrue(Assert.java:67)
        	at pageObjects.RORIBullish.riseInOiandRiseInPrice(RORIBullish.java:75)
        	at stepDefinitions.BullishStocksTradStepDefinition.click_on_rise_in_oi_rise_in_price_for_stocks_data(BullishStocksTradStepDefinition.java:20)
        	at ✽.Click On Rise In OI Rise In Price for Stocks Data(file:///C:/Users/prave.PRAVEENREDDY.000/eclipse-workspace/TradingStocks/src/test/java/Features/Bullish.feature:4)
Retrying test runScenario for the 5 time(s).
]]></system-out>
  </testcase>
  <testcase name="runScenario[&quot;Extracting data from Nse of Rise In OI Rise In Price&quot;, &quot;Validation For Bullish Stocks Rise In OI Rise In Price Data in NSE&quot;](9)" classname="testRunner.TestRunner" time="23.156">
    <failure message="expected [true] but found [false]" type="java.lang.AssertionError"><![CDATA[java.lang.AssertionError: expected [true] but found [false]
	at org.testng.Assert.fail(Assert.java:111)
	at org.testng.Assert.failNotEquals(Assert.java:1578)
	at org.testng.Assert.assertTrue(Assert.java:57)
	at org.testng.Assert.assertTrue(Assert.java:67)
	at pageObjects.RORIBullish.riseInOiandRiseInPrice(RORIBullish.java:75)
	at stepDefinitions.BullishStocksTradStepDefinition.click_on_rise_in_oi_rise_in_price_for_stocks_data(BullishStocksTradStepDefinition.java:20)
	at ✽.Click On Rise In OI Rise In Price for Stocks Data(file:///C:/Users/prave.PRAVEENREDDY.000/eclipse-workspace/TradingStocks/src/test/java/Features/Bullish.feature:4)
]]></failure>
    <system-out><![CDATA[
Scenario: Extracting data from Nse of Rise In OI Rise In Price   # file:///C:/Users/prave.PRAVEENREDDY.000/eclipse-workspace/TradingStocks/src/test/java/Features/Bullish.feature:2
  ✔ Given Enter The Application Url for Rise In OI Rise In Price # stepDefinitions.BullishStocksTradStepDefinition.enter_the_application_url_for_rise_in_oi_rise_in_price()
[MYLOG] :  &amp#27;[31m********************[  RISE In OI ad RISE In PRICE (BULLISH) ]*****************&amp#27;[0m
[MYLOG] :  &amp#27;[31m********************[   RISE In OI ad RISE In PRICE (BULLISH) ]*****************&amp#27;[0m
  ✘ When Click On Rise In OI Rise In Price for Stocks Data       # stepDefinitions.BullishStocksTradStepDefinition.click_on_rise_in_oi_rise_in_price_for_stocks_data()
        java.lang.AssertionError: expected [true] but found [false]
        	at org.testng.Assert.fail(Assert.java:111)
        	at org.testng.Assert.failNotEquals(Assert.java:1578)
        	at org.testng.Assert.assertTrue(Assert.java:57)
        	at org.testng.Assert.assertTrue(Assert.java:67)
        	at pageObjects.RORIBullish.riseInOiandRiseInPrice(RORIBullish.java:75)
        	at stepDefinitions.BullishStocksTradStepDefinition.click_on_rise_in_oi_rise_in_price_for_stocks_data(BullishStocksTradStepDefinition.java:20)
        	at ✽.Click On Rise In OI Rise In Price for Stocks Data(file:///C:/Users/prave.PRAVEENREDDY.000/eclipse-workspace/TradingStocks/src/test/java/Features/Bullish.feature:4)
]]></system-out>
  </testcase>
  <testcase name="runScenario[&quot;Extracting Short Covering Stocks Data from Nse&quot;, &quot;Validation For Short Covering Data Slide In Oi Rise Price From NSE&quot;](10)" classname="testRunner.TestRunner" time="10.965">
    <system-out><![CDATA[
Scenario: Extracting Short Covering Stocks Data from Nse      # file:///C:/Users/prave.PRAVEENREDDY.000/eclipse-workspace/TradingStocks/src/test/java/Features/ShortCovering.feature:2
  ✔ Given Enter The Application Url for Short Covering Stocks # stepDefinitions.ShortCoveringStocksTradStepDefinitions.enter_the_application_url_for_short_covering_stocks()
[MYLOG] :  &amp#27;[31m********************[  SLIDE In OI RISE In PRICE  (BULLISH) ]*****************&amp#27;[0m
[MYLOG] :  HDFCBANK
[MYLOG] :  RELIANCE
[MYLOG] :  HAL
[MYLOG] :  BEL
[MYLOG] :  TATACHEM
[MYLOG] :  TATAMOTORS
[MYLOG] :  HCLTECH
[MYLOG] :  TATACONSUM
[MYLOG] :  SHREECEM
[MYLOG] :  ULTRACEMCO
[MYLOG] :  KOTAKBANK
[MYLOG] :  MAZDOCK
[MYLOG] :  &amp#27;[31m********************[  SLIDE In OI RISE In PRICE  (BULLISH) ]*****************&amp#27;[0m
  ✔ When Click On Slide In Oi Rise Price Stocks Calls Data    # stepDefinitions.ShortCoveringStocksTradStepDefinitions.click_on_slide_in_oi_rise_price_stocks_calls_data()
]]></system-out>
  </testcase>
  <testcase name="runScenario[&quot;Extracting Most Active Stocks Calls Data from Nse&quot;, &quot;Validation For Most Active Stocks calls Data From NSE&quot;](11)" classname="testRunner.TestRunner" time="0.0">
    <skipped message="Expected condition failed: waiting for visibility of all elements located by By.xpath: //table[@id=&apos;MACEquityTable&apos;]//tbody//tr//td[text()=&apos;Stock Options&apos;]//parent::tr | //table[@id=&apos;MACEquityTable&apos;]//tbody//tr//td[text()=&apos;Stock Futures&apos;]//parent::tr (tried for 5 second(s) with 500 milliseconds interval)&#10;Build info: version: &apos;4.32.0&apos;, revision: &apos;d17c8aa950&apos;&#10;System info: os.name: &apos;Windows 11&apos;, os.arch: &apos;amd64&apos;, os.version: &apos;10.0&apos;, java.version: &apos;24.0.1&apos;&#10;Driver info: org.openqa.selenium.firefox.FirefoxDriver&#10;Capabilities {acceptInsecureCerts: true, browserName: firefox, browserVersion: 143.0, moz:accessibilityChecks: false, moz:buildID: 20250908174027, moz:geckodriverVersion: 0.36.0, moz:headless: true, moz:platformVersion: 10.0, moz:processID: 5212, moz:profile: C:\Users\PRAVEP~1.000\AppDa..., moz:shutdownTimeout: 60000, moz:webdriverClick: true, moz:windowless: false, pageLoadStrategy: normal, platformName: windows, proxy: Proxy(), setWindowRect: true, strictFileInteractability: false, timeouts: {implicit: 0, pageLoad: 300000, script: 30000}, unhandledPromptBehavior: dismiss and notify, userAgent: Mozilla/5.0 (Windows NT 10....}&#10;Session ID: d2528a12-153f-4ee6-bf5f-c65a0d40ff95"/>
    <system-out><![CDATA[
Scenario: Extracting Most Active Stocks Calls Data from Nse # file:///C:/Users/prave.PRAVEENREDDY.000/eclipse-workspace/TradingStocks/src/test/java/Features/StocksCalls.feature:2
  ✔ Given Enter The Application Url for Most Active Stocks  # stepDefinitions.StocksCallStepDefiniton.enter_the_application_url_for_most_active_stocks()
[MYLOG] :  &amp#27;[31m************************[  MOST ACTIVE STOCKS CALLS   ]*********************&amp#27;[0m
  ✘ When Click On Most Active Stocks Calls Data             # stepDefinitions.StocksCallStepDefiniton.click_on_most_active_stocks_calls_data()
        org.openqa.selenium.TimeoutException: Expected condition failed: waiting for visibility of all elements located by By.xpath: //table[@id='MACEquityTable']//tbody//tr//td[text()='Stock Options']//parent::tr | //table[@id='MACEquityTable']//tbody//tr//td[text()='Stock Futures']//parent::tr (tried for 5 second(s) with 500 milliseconds interval)
        Build info: version: '4.32.0', revision: 'd17c8aa950'
        System info: os.name: 'Windows 11', os.arch: 'amd64', os.version: '10.0', java.version: '24.0.1'
        Driver info: org.openqa.selenium.firefox.FirefoxDriver
        Capabilities {acceptInsecureCerts: true, browserName: firefox, browserVersion: 143.0, moz:accessibilityChecks: false, moz:buildID: 20250908174027, moz:geckodriverVersion: 0.36.0, moz:headless: true, moz:platformVersion: 10.0, moz:processID: 5212, moz:profile: C:\Users\PRAVEP~1.000\AppDa..., moz:shutdownTimeout: 60000, moz:webdriverClick: true, moz:windowless: false, pageLoadStrategy: normal, platformName: windows, proxy: Proxy(), setWindowRect: true, strictFileInteractability: false, timeouts: {implicit: 0, pageLoad: 300000, script: 30000}, unhandledPromptBehavior: dismiss and notify, userAgent: Mozilla/5.0 (Windows NT 10....}
        Session ID: d2528a12-153f-4ee6-bf5f-c65a0d40ff95
        	at org.openqa.selenium.support.ui.WebDriverWait.timeoutException(WebDriverWait.java:84)
        	at org.openqa.selenium.support.ui.FluentWait.until(FluentWait.java:228)
        	at pageObjects.StocksCalls.extarctStocksCallsData(StocksCalls.java:48)
        	at stepDefinitions.StocksCallStepDefiniton.click_on_most_active_stocks_calls_data(StocksCallStepDefiniton.java:18)
        	at ✽.Click On Most Active Stocks Calls Data(file:///C:/Users/prave.PRAVEENREDDY.000/eclipse-workspace/TradingStocks/src/test/java/Features/StocksCalls.feature:4)
Retrying test runScenario for the 1 time(s).
]]></system-out>
  </testcase>
  <testcase name="runScenario[&quot;Extracting Most Active Stocks Calls Data from Nse&quot;, &quot;Validation For Most Active Stocks calls Data From NSE&quot;](12)" classname="testRunner.TestRunner" time="0.0">
    <skipped message="Expected condition failed: waiting for visibility of all elements located by By.xpath: //table[@id=&apos;MACEquityTable&apos;]//tbody//tr//td[text()=&apos;Stock Options&apos;]//parent::tr | //table[@id=&apos;MACEquityTable&apos;]//tbody//tr//td[text()=&apos;Stock Futures&apos;]//parent::tr (tried for 5 second(s) with 500 milliseconds interval)&#10;Build info: version: &apos;4.32.0&apos;, revision: &apos;d17c8aa950&apos;&#10;System info: os.name: &apos;Windows 11&apos;, os.arch: &apos;amd64&apos;, os.version: &apos;10.0&apos;, java.version: &apos;24.0.1&apos;&#10;Driver info: org.openqa.selenium.firefox.FirefoxDriver&#10;Capabilities {acceptInsecureCerts: true, browserName: firefox, browserVersion: 143.0, moz:accessibilityChecks: false, moz:buildID: 20250908174027, moz:geckodriverVersion: 0.36.0, moz:headless: true, moz:platformVersion: 10.0, moz:processID: 26436, moz:profile: C:\Users\PRAVEP~1.000\AppDa..., moz:shutdownTimeout: 60000, moz:webdriverClick: true, moz:windowless: false, pageLoadStrategy: normal, platformName: windows, proxy: Proxy(), setWindowRect: true, strictFileInteractability: false, timeouts: {implicit: 0, pageLoad: 300000, script: 30000}, unhandledPromptBehavior: dismiss and notify, userAgent: Mozilla/5.0 (Windows NT 10....}&#10;Session ID: ac4a93c8-8dca-4d8b-86d3-d2b765625c57"/>
    <system-out><![CDATA[
Scenario: Extracting Most Active Stocks Calls Data from Nse # file:///C:/Users/prave.PRAVEENREDDY.000/eclipse-workspace/TradingStocks/src/test/java/Features/StocksCalls.feature:2
  ✔ Given Enter The Application Url for Most Active Stocks  # stepDefinitions.StocksCallStepDefiniton.enter_the_application_url_for_most_active_stocks()
[MYLOG] :  &amp#27;[31m************************[  MOST ACTIVE STOCKS CALLS   ]*********************&amp#27;[0m
  ✘ When Click On Most Active Stocks Calls Data             # stepDefinitions.StocksCallStepDefiniton.click_on_most_active_stocks_calls_data()
        org.openqa.selenium.TimeoutException: Expected condition failed: waiting for visibility of all elements located by By.xpath: //table[@id='MACEquityTable']//tbody//tr//td[text()='Stock Options']//parent::tr | //table[@id='MACEquityTable']//tbody//tr//td[text()='Stock Futures']//parent::tr (tried for 5 second(s) with 500 milliseconds interval)
        Build info: version: '4.32.0', revision: 'd17c8aa950'
        System info: os.name: 'Windows 11', os.arch: 'amd64', os.version: '10.0', java.version: '24.0.1'
        Driver info: org.openqa.selenium.firefox.FirefoxDriver
        Capabilities {acceptInsecureCerts: true, browserName: firefox, browserVersion: 143.0, moz:accessibilityChecks: false, moz:buildID: 20250908174027, moz:geckodriverVersion: 0.36.0, moz:headless: true, moz:platformVersion: 10.0, moz:processID: 26436, moz:profile: C:\Users\PRAVEP~1.000\AppDa..., moz:shutdownTimeout: 60000, moz:webdriverClick: true, moz:windowless: false, pageLoadStrategy: normal, platformName: windows, proxy: Proxy(), setWindowRect: true, strictFileInteractability: false, timeouts: {implicit: 0, pageLoad: 300000, script: 30000}, unhandledPromptBehavior: dismiss and notify, userAgent: Mozilla/5.0 (Windows NT 10....}
        Session ID: ac4a93c8-8dca-4d8b-86d3-d2b765625c57
        	at org.openqa.selenium.support.ui.WebDriverWait.timeoutException(WebDriverWait.java:84)
        	at org.openqa.selenium.support.ui.FluentWait.until(FluentWait.java:228)
        	at pageObjects.StocksCalls.extarctStocksCallsData(StocksCalls.java:48)
        	at stepDefinitions.StocksCallStepDefiniton.click_on_most_active_stocks_calls_data(StocksCallStepDefiniton.java:18)
        	at ✽.Click On Most Active Stocks Calls Data(file:///C:/Users/prave.PRAVEENREDDY.000/eclipse-workspace/TradingStocks/src/test/java/Features/StocksCalls.feature:4)
Retrying test runScenario for the 2 time(s).
]]></system-out>
  </testcase>
  <testcase name="runScenario[&quot;Extracting Most Active Stocks Calls Data from Nse&quot;, &quot;Validation For Most Active Stocks calls Data From NSE&quot;](13)" classname="testRunner.TestRunner" time="0.0">
    <skipped message="Expected condition failed: waiting for visibility of all elements located by By.xpath: //table[@id=&apos;MACEquityTable&apos;]//tbody//tr//td[text()=&apos;Stock Options&apos;]//parent::tr | //table[@id=&apos;MACEquityTable&apos;]//tbody//tr//td[text()=&apos;Stock Futures&apos;]//parent::tr (tried for 5 second(s) with 500 milliseconds interval)&#10;Build info: version: &apos;4.32.0&apos;, revision: &apos;d17c8aa950&apos;&#10;System info: os.name: &apos;Windows 11&apos;, os.arch: &apos;amd64&apos;, os.version: &apos;10.0&apos;, java.version: &apos;24.0.1&apos;&#10;Driver info: org.openqa.selenium.firefox.FirefoxDriver&#10;Capabilities {acceptInsecureCerts: true, browserName: firefox, browserVersion: 143.0, moz:accessibilityChecks: false, moz:buildID: 20250908174027, moz:geckodriverVersion: 0.36.0, moz:headless: true, moz:platformVersion: 10.0, moz:processID: 13372, moz:profile: C:\Users\PRAVEP~1.000\AppDa..., moz:shutdownTimeout: 60000, moz:webdriverClick: true, moz:windowless: false, pageLoadStrategy: normal, platformName: windows, proxy: Proxy(), setWindowRect: true, strictFileInteractability: false, timeouts: {implicit: 0, pageLoad: 300000, script: 30000}, unhandledPromptBehavior: dismiss and notify, userAgent: Mozilla/5.0 (Windows NT 10....}&#10;Session ID: 1b4c4969-2ce1-400c-b890-af001acdfe0c"/>
    <system-out><![CDATA[
Scenario: Extracting Most Active Stocks Calls Data from Nse # file:///C:/Users/prave.PRAVEENREDDY.000/eclipse-workspace/TradingStocks/src/test/java/Features/StocksCalls.feature:2
  ✔ Given Enter The Application Url for Most Active Stocks  # stepDefinitions.StocksCallStepDefiniton.enter_the_application_url_for_most_active_stocks()
[MYLOG] :  &amp#27;[31m************************[  MOST ACTIVE STOCKS CALLS   ]*********************&amp#27;[0m
  ✘ When Click On Most Active Stocks Calls Data             # stepDefinitions.StocksCallStepDefiniton.click_on_most_active_stocks_calls_data()
        org.openqa.selenium.TimeoutException: Expected condition failed: waiting for visibility of all elements located by By.xpath: //table[@id='MACEquityTable']//tbody//tr//td[text()='Stock Options']//parent::tr | //table[@id='MACEquityTable']//tbody//tr//td[text()='Stock Futures']//parent::tr (tried for 5 second(s) with 500 milliseconds interval)
        Build info: version: '4.32.0', revision: 'd17c8aa950'
        System info: os.name: 'Windows 11', os.arch: 'amd64', os.version: '10.0', java.version: '24.0.1'
        Driver info: org.openqa.selenium.firefox.FirefoxDriver
        Capabilities {acceptInsecureCerts: true, browserName: firefox, browserVersion: 143.0, moz:accessibilityChecks: false, moz:buildID: 20250908174027, moz:geckodriverVersion: 0.36.0, moz:headless: true, moz:platformVersion: 10.0, moz:processID: 13372, moz:profile: C:\Users\PRAVEP~1.000\AppDa..., moz:shutdownTimeout: 60000, moz:webdriverClick: true, moz:windowless: false, pageLoadStrategy: normal, platformName: windows, proxy: Proxy(), setWindowRect: true, strictFileInteractability: false, timeouts: {implicit: 0, pageLoad: 300000, script: 30000}, unhandledPromptBehavior: dismiss and notify, userAgent: Mozilla/5.0 (Windows NT 10....}
        Session ID: 1b4c4969-2ce1-400c-b890-af001acdfe0c
        	at org.openqa.selenium.support.ui.WebDriverWait.timeoutException(WebDriverWait.java:84)
        	at org.openqa.selenium.support.ui.FluentWait.until(FluentWait.java:228)
        	at pageObjects.StocksCalls.extarctStocksCallsData(StocksCalls.java:48)
        	at stepDefinitions.StocksCallStepDefiniton.click_on_most_active_stocks_calls_data(StocksCallStepDefiniton.java:18)
        	at ✽.Click On Most Active Stocks Calls Data(file:///C:/Users/prave.PRAVEENREDDY.000/eclipse-workspace/TradingStocks/src/test/java/Features/StocksCalls.feature:4)
Retrying test runScenario for the 3 time(s).
]]></system-out>
  </testcase>
  <testcase name="runScenario[&quot;Extracting Most Active Stocks Calls Data from Nse&quot;, &quot;Validation For Most Active Stocks calls Data From NSE&quot;](14)" classname="testRunner.TestRunner" time="0.0">
    <skipped message="Expected condition failed: waiting for visibility of all elements located by By.xpath: //table[@id=&apos;MACEquityTable&apos;]//tbody//tr//td[text()=&apos;Stock Options&apos;]//parent::tr | //table[@id=&apos;MACEquityTable&apos;]//tbody//tr//td[text()=&apos;Stock Futures&apos;]//parent::tr (tried for 5 second(s) with 500 milliseconds interval)&#10;Build info: version: &apos;4.32.0&apos;, revision: &apos;d17c8aa950&apos;&#10;System info: os.name: &apos;Windows 11&apos;, os.arch: &apos;amd64&apos;, os.version: &apos;10.0&apos;, java.version: &apos;24.0.1&apos;&#10;Driver info: org.openqa.selenium.firefox.FirefoxDriver&#10;Capabilities {acceptInsecureCerts: true, browserName: firefox, browserVersion: 143.0, moz:accessibilityChecks: false, moz:buildID: 20250908174027, moz:geckodriverVersion: 0.36.0, moz:headless: true, moz:platformVersion: 10.0, moz:processID: 12628, moz:profile: C:\Users\PRAVEP~1.000\AppDa..., moz:shutdownTimeout: 60000, moz:webdriverClick: true, moz:windowless: false, pageLoadStrategy: normal, platformName: windows, proxy: Proxy(), setWindowRect: true, strictFileInteractability: false, timeouts: {implicit: 0, pageLoad: 300000, script: 30000}, unhandledPromptBehavior: dismiss and notify, userAgent: Mozilla/5.0 (Windows NT 10....}&#10;Session ID: 9bee9aa8-745e-4ee1-b3ff-df57fecabfa3"/>
    <system-out><![CDATA[
Scenario: Extracting Most Active Stocks Calls Data from Nse # file:///C:/Users/prave.PRAVEENREDDY.000/eclipse-workspace/TradingStocks/src/test/java/Features/StocksCalls.feature:2
  ✔ Given Enter The Application Url for Most Active Stocks  # stepDefinitions.StocksCallStepDefiniton.enter_the_application_url_for_most_active_stocks()
[MYLOG] :  &amp#27;[31m************************[  MOST ACTIVE STOCKS CALLS   ]*********************&amp#27;[0m
  ✘ When Click On Most Active Stocks Calls Data             # stepDefinitions.StocksCallStepDefiniton.click_on_most_active_stocks_calls_data()
        org.openqa.selenium.TimeoutException: Expected condition failed: waiting for visibility of all elements located by By.xpath: //table[@id='MACEquityTable']//tbody//tr//td[text()='Stock Options']//parent::tr | //table[@id='MACEquityTable']//tbody//tr//td[text()='Stock Futures']//parent::tr (tried for 5 second(s) with 500 milliseconds interval)
        Build info: version: '4.32.0', revision: 'd17c8aa950'
        System info: os.name: 'Windows 11', os.arch: 'amd64', os.version: '10.0', java.version: '24.0.1'
        Driver info: org.openqa.selenium.firefox.FirefoxDriver
        Capabilities {acceptInsecureCerts: true, browserName: firefox, browserVersion: 143.0, moz:accessibilityChecks: false, moz:buildID: 20250908174027, moz:geckodriverVersion: 0.36.0, moz:headless: true, moz:platformVersion: 10.0, moz:processID: 12628, moz:profile: C:\Users\PRAVEP~1.000\AppDa..., moz:shutdownTimeout: 60000, moz:webdriverClick: true, moz:windowless: false, pageLoadStrategy: normal, platformName: windows, proxy: Proxy(), setWindowRect: true, strictFileInteractability: false, timeouts: {implicit: 0, pageLoad: 300000, script: 30000}, unhandledPromptBehavior: dismiss and notify, userAgent: Mozilla/5.0 (Windows NT 10....}
        Session ID: 9bee9aa8-745e-4ee1-b3ff-df57fecabfa3
        	at org.openqa.selenium.support.ui.WebDriverWait.timeoutException(WebDriverWait.java:84)
        	at org.openqa.selenium.support.ui.FluentWait.until(FluentWait.java:228)
        	at pageObjects.StocksCalls.extarctStocksCallsData(StocksCalls.java:48)
        	at stepDefinitions.StocksCallStepDefiniton.click_on_most_active_stocks_calls_data(StocksCallStepDefiniton.java:18)
        	at ✽.Click On Most Active Stocks Calls Data(file:///C:/Users/prave.PRAVEENREDDY.000/eclipse-workspace/TradingStocks/src/test/java/Features/StocksCalls.feature:4)
Retrying test runScenario for the 4 time(s).
]]></system-out>
  </testcase>
  <testcase name="runScenario[&quot;Extracting Most Active Stocks Calls Data from Nse&quot;, &quot;Validation For Most Active Stocks calls Data From NSE&quot;](15)" classname="testRunner.TestRunner" time="10.257">
    <system-out><![CDATA[
Scenario: Extracting Most Active Stocks Calls Data from Nse # file:///C:/Users/prave.PRAVEENREDDY.000/eclipse-workspace/TradingStocks/src/test/java/Features/StocksCalls.feature:2
  ✔ Given Enter The Application Url for Most Active Stocks  # stepDefinitions.StocksCallStepDefiniton.enter_the_application_url_for_most_active_stocks()
[MYLOG] :  &amp#27;[31m************************[  MOST ACTIVE STOCKS CALLS   ]*********************&amp#27;[0m
[MYLOG] :  HAL
[MYLOG] :  BEL
[MYLOG] :  PERSISTENT
[MYLOG] :  LT
[MYLOG] :  MAZDOCK
[MYLOG] :  MARUTI
[MYLOG] :  TATAMOTORS
[MYLOG] :  TCS
[MYLOG] :  TRENT
[MYLOG] :  TATACONSUM
[MYLOG] :  COALINDIA
[MYLOG] :  &amp#27;[31m************************[  MOST ACTIVE STOCKS CALLS   ]*********************&amp#27;[0m
  ✔ When Click On Most Active Stocks Calls Data             # stepDefinitions.StocksCallStepDefiniton.click_on_most_active_stocks_calls_data()
]]></system-out>
  </testcase>
  <testcase name="runScenario[&quot;Extracting Most Active Stocks Put from Nse&quot;, &quot;Validation For Most Active Stocks Puts Data From NSE&quot;](16)" classname="testRunner.TestRunner" time="13.48">
    <system-out><![CDATA[
Scenario: Extracting Most Active Stocks Put from Nse            # file:///C:/Users/prave.PRAVEENREDDY.000/eclipse-workspace/TradingStocks/src/test/java/Features/StocksPuts.feature:2
  ✔ Given Enter The Application Url for Most Active Stocks Puts # stepDefinitions.StocksPutsDataStepDefinition.enter_the_application_url_for_most_active_stocks_puts()
[MYLOG] :  &amp#27;[31m******************[  MOST ACTIVE STOCKS PUTS  ]********************&amp#27;[0m
[MYLOG] :  BEL
[MYLOG] :  HAL
[MYLOG] :  MARUTI
[MYLOG] :  SBIN
[MYLOG] :  TATAMOTORS
[MYLOG] :  RELIANCE
[MYLOG] :  LT
[MYLOG] :  TCS
[MYLOG] :  PERSISTENT
[MYLOG] :  KOTAKBANK
[MYLOG] :  &amp#27;[31m******************[  MOST ACTIVE STOCKS PUTS  ]********************&amp#27;[0m
  ✔ When Click On Most Active Stocks Puts Data                  # stepDefinitions.StocksPutsDataStepDefinition.click_on_most_active_stocks_puts_data()
]]></system-out>
  </testcase>
  <testcase name="runScenario[&quot;Extracting data from chartlink&quot;, &quot;Validation For Most Active Futures Contracts Data in chartlink&quot;](17)" classname="testRunner.TestRunner" time="14.807">
    <system-out><![CDATA[
Scenario: Extracting data from chartlink                # file:///C:/Users/prave.PRAVEENREDDY.000/eclipse-workspace/TradingStocks/src/test/java/Features/chartlink.feature:2
  ✔ Given Enter The Application Url of chartlink        # stepDefinitions.chartlinkStepDefinition.enter_the_application_url_of_chartlink()
[MYLOG] :  ****************** CHARTLINK MOMENTUM STOCKS ************************** 
[MYLOG] :  PERSISTENT
[MYLOG] :  3.21%
[MYLOG] :  TATACONSUM
[MYLOG] :  2.89%
[MYLOG] :  TATACHEM
[MYLOG] :  2.65%
[MYLOG] :  DALBHARAT
[MYLOG] :  2.52%
[MYLOG] :  MAZDOCK
[MYLOG] :  2.19%
[MYLOG] :  NAUKRI
[MYLOG] :  2.12%
[MYLOG] :  BDL
[MYLOG] :  1.94%
[MYLOG] :  HAL
[MYLOG] :  1.88%
[MYLOG] :  KPITTECH
[MYLOG] :  1.43%
[MYLOG] :  INDHOTEL
[MYLOG] :  1.14%
[MYLOG] :  TATAMOTORS
[MYLOG] :  1.06%
[MYLOG] :  MPHASIS
[MYLOG] :  1.01%
[MYLOG] :  COFORGE
[MYLOG] :  0.93%
[MYLOG] :  SHRIRAMFIN
[MYLOG] :  0.83%
[MYLOG] :  TRENT
[MYLOG] :  0.79%
[MYLOG] :  TITAGARH
[MYLOG] :  0.75%
[MYLOG] :  LT
[MYLOG] :  0.7%
[MYLOG] :  BHARATFORG
[MYLOG] :  0.7%
[MYLOG] :  HDFCBANK
[MYLOG] :  0.7%
[MYLOG] :  TATATECH
[MYLOG] :  0.67%
[MYLOG] :  ****************** CHARTLINK MOMENTUM STOCKS ************************** 
  ✔ When Click On Most Active Futures Data in chartlink # stepDefinitions.chartlinkStepDefinition.click_on_most_active_futures_data_in_chartlink()
]]></system-out>
    <system-err><![CDATA[Sept 17, 2025 9:56:38 AM org.openqa.selenium.devtools.CdpVersionFinder findNearestMatch
WARNING: Unable to find an exact match for CDP version 140, returning the closest version; found: 136; Please update to a Selenium version that supports CDP version 140
Sept 17, 2025 9:56:50 AM org.openqa.selenium.remote.http.WebSocket$Listener onError
WARNING: Connection reset
java.net.SocketException: Connection reset
	at java.base/sun.nio.ch.SocketChannelImpl.throwConnectionReset(SocketChannelImpl.java:399)
	at java.base/sun.nio.ch.SocketChannelImpl.implRead(SocketChannelImpl.java:431)
	at java.base/sun.nio.ch.SocketChannelImpl.read(SocketChannelImpl.java:489)
	at java.net.http/jdk.internal.net.http.SocketTube.readAvailable(SocketTube.java:1216)
	at java.net.http/jdk.internal.net.http.SocketTube$InternalReadPublisher$InternalReadSubscription.read(SocketTube.java:872)
	at java.net.http/jdk.internal.net.http.SocketTube$SocketFlowTask.run(SocketTube.java:182)
	at java.net.http/jdk.internal.net.http.common.SequentialScheduler$SchedulableTask.run(SequentialScheduler.java:207)
	at java.net.http/jdk.internal.net.http.common.SequentialScheduler.runOrSchedule(SequentialScheduler.java:280)
	at java.net.http/jdk.internal.net.http.common.SequentialScheduler.runOrSchedule(SequentialScheduler.java:233)
	at java.net.http/jdk.internal.net.http.SocketTube$InternalReadPublisher$InternalReadSubscription.signalReadable(SocketTube.java:813)
	at java.net.http/jdk.internal.net.http.SocketTube$InternalReadPublisher$ReadEvent.signalEvent(SocketTube.java:1003)
	at java.net.http/jdk.internal.net.http.SocketTube$SocketFlowEvent.handle(SocketTube.java:254)
	at java.net.http/jdk.internal.net.http.HttpClientImpl$SelectorManager.handleEvent(HttpClientImpl.java:1439)
	at java.net.http/jdk.internal.net.http.HttpClientImpl$SelectorManager.lambda$run$3(HttpClientImpl.java:1384)
	at java.base/java.util.ArrayList.forEach(ArrayList.java:1604)
	at java.net.http/jdk.internal.net.http.HttpClientImpl$SelectorManager.run(HttpClientImpl.java:1384)

]]></system-err>
  </testcase>
</testsuite>