<?xml version="1.0" encoding="UTF-8"?>
<!-- Generated by org.testng.reporters.JUnitReportReporter -->
<testsuite hostname="PraveenReddy" failures="0" tests="8" name="testRunner.TestRunner" time="107.172" errors="0" timestamp="2025-09-16T13:23:51 IST" skipped="2">
  <testcase classname="testRunner.TestRunner" name="runScenario" time="17.676">
    <skipped/>
  </testcase> <!-- runScenario -->
  <testcase classname="testRunner.TestRunner" name="runScenario" time="18.644"/>
  <testcase classname="testRunner.TestRunner" name="runScenario" time="22.683">
    <skipped/>
  </testcase> <!-- runScenario -->
  <testcase classname="testRunner.TestRunner" name="runScenario" time="9.107"/>
  <testcase classname="testRunner.TestRunner" name="runScenario" time="9.965"/>
  <testcase classname="testRunner.TestRunner" name="runScenario" time="11.203"/>
  <testcase classname="testRunner.TestRunner" name="runScenario" time="9.739"/>
  <testcase classname="testRunner.TestRunner" name="runScenario" time="8.155"/>
</testsuite> <!-- testRunner.TestRunner -->
