<?xml version="1.0" encoding="UTF-8"?>
<!-- Generated by org.testng.reporters.JUnitReportReporter -->
<testsuite hostname="PraveenReddy" failures="0" tests="6" name="testRunner.TestRunner" time="57.283" errors="0" timestamp="2025-09-16T21:57:39 IST" skipped="0">
  <testcase classname="testRunner.TestRunner" name="runScenario" time="11.147"/>
  <testcase classname="testRunner.TestRunner" name="runScenario" time="5.109"/>
  <testcase classname="testRunner.TestRunner" name="runScenario" time="5.829"/>
  <testcase classname="testRunner.TestRunner" name="runScenario" time="18.335"/>
  <testcase classname="testRunner.TestRunner" name="runScenario" time="8.115"/>
  <testcase classname="testRunner.TestRunner" name="runScenario" time="8.748"/>
</testsuite> <!-- testRunner.TestRunner -->
