<?xml version="1.0" encoding="UTF-8"?>
<!-- Generated by org.testng.reporters.JUnitReportReporter -->
<testsuite hostname="PraveenReddy" failures="0" tests="6" name="testRunner.TestRunner" time="78.665" errors="0" timestamp="2025-09-03T10:35:58 IST" skipped="0">
  <testcase classname="testRunner.TestRunner" name="runScenario" time="10.233"/>
  <testcase classname="testRunner.TestRunner" name="runScenario" time="11.366"/>
  <testcase classname="testRunner.TestRunner" name="runScenario" time="9.951"/>
  <testcase classname="testRunner.TestRunner" name="runScenario" time="22.977"/>
  <testcase classname="testRunner.TestRunner" name="runScenario" time="14.490"/>
  <testcase classname="testRunner.TestRunner" name="runScenario" time="9.648"/>
</testsuite> <!-- testRunner.TestRunner -->
