<?xml version="1.0" encoding="UTF-8"?>
<!-- Generated by org.testng.reporters.JUnitReportReporter -->
<testsuite hostname="PraveenReddy" failures="0" tests="13" name="testRunner.TestRunner" time="224.508" errors="0" timestamp="2025-09-04T15:33:52 IST" skipped="7">
  <testcase classname="testRunner.TestRunner" name="runScenario" time="11.538"/>
  <testcase classname="testRunner.TestRunner" name="runScenario" time="14.209"/>
  <testcase classname="testRunner.TestRunner" name="runScenario" time="21.052">
    <skipped/>
  </testcase> <!-- runScenario -->
  <testcase classname="testRunner.TestRunner" name="runScenario" time="12.014"/>
  <testcase classname="testRunner.TestRunner" name="runScenario" time="25.748">
    <skipped/>
  </testcase> <!-- runScenario -->
  <testcase classname="testRunner.TestRunner" name="runScenario" time="18.350">
    <skipped/>
  </testcase> <!-- runScenario -->
  <testcase classname="testRunner.TestRunner" name="runScenario" time="18.775">
    <skipped/>
  </testcase> <!-- runScenario -->
  <testcase classname="testRunner.TestRunner" name="runScenario" time="21.089">
    <skipped/>
  </testcase> <!-- runScenario -->
  <testcase classname="testRunner.TestRunner" name="runScenario" time="12.094"/>
  <testcase classname="testRunner.TestRunner" name="runScenario" time="11.981"/>
  <testcase classname="testRunner.TestRunner" name="runScenario" time="23.292">
    <skipped/>
  </testcase> <!-- runScenario -->
  <testcase classname="testRunner.TestRunner" name="runScenario" time="9.891">
    <skipped/>
  </testcase> <!-- runScenario -->
  <testcase classname="testRunner.TestRunner" name="runScenario" time="24.475"/>
</testsuite> <!-- testRunner.TestRunner -->
