<?xml version="1.0" encoding="UTF-8"?>
<!-- Generated by org.testng.reporters.JUnitReportReporter -->
<testsuite hostname="PraveenReddy" failures="0" tests="8" name="testRunner.TestRunner" time="130.824" errors="0" timestamp="2025-09-03T10:10:22 IST" skipped="3">
  <testcase classname="testRunner.TestRunner" name="runScenario" time="10.503"/>
  <testcase classname="testRunner.TestRunner" name="runScenario" time="13.791"/>
  <testcase classname="testRunner.TestRunner" name="runScenario" time="33.112">
    <skipped/>
  </testcase> <!-- runScenario -->
  <testcase classname="testRunner.TestRunner" name="runScenario" time="10.944"/>
  <testcase classname="testRunner.TestRunner" name="runScenario" time="11.179"/>
  <testcase classname="testRunner.TestRunner" name="runScenario" time="10.096"/>
  <testcase classname="testRunner.TestRunner" name="runScenario" time="23.150">
    <skipped/>
  </testcase> <!-- runScenario -->
  <testcase classname="testRunner.TestRunner" name="runScenario" time="18.049">
    <skipped/>
  </testcase> <!-- runScenario -->
</testsuite> <!-- testRunner.TestRunner -->
