<?xml version="1.0" encoding="UTF-8"?>
<!-- Generated by org.testng.reporters.JUnitReportReporter -->
<testsuite hostname="PraveenReddy" failures="1" tests="17" name="testRunner.TestRunner" time="288.545" errors="0" timestamp="2025-09-17T09:56:51 IST" skipped="11">
  <testcase classname="testRunner.TestRunner" name="runScenario" time="16.330">
    <skipped/>
  </testcase> <!-- runScenario -->
  <testcase classname="testRunner.TestRunner" name="runScenario" time="19.182">
    <skipped/>
  </testcase> <!-- runScenario -->
  <testcase classname="testRunner.TestRunner" name="runScenario" time="15.004">
    <skipped/>
  </testcase> <!-- runScenario -->
  <testcase classname="testRunner.TestRunner" name="runScenario" time="21.319">
    <skipped/>
  </testcase> <!-- runScenario -->
  <testcase classname="testRunner.TestRunner" name="runScenario" time="7.138"/>
  <testcase classname="testRunner.TestRunner" name="runScenario" time="20.889">
    <skipped/>
  </testcase> <!-- runScenario -->
  <testcase classname="testRunner.TestRunner" name="runScenario" time="16.553">
    <skipped/>
  </testcase> <!-- runScenario -->
  <testcase classname="testRunner.TestRunner" name="runScenario" time="14.810"/>
  <testcase classname="testRunner.TestRunner" name="runScenario" time="19.554">
    <skipped/>
  </testcase> <!-- runScenario -->
  <testcase classname="testRunner.TestRunner" name="runScenario" time="13.481"/>
  <testcase classname="testRunner.TestRunner" name="runScenario" time="23.151">
    <failure message="expected [true] but found [false]" type="java.lang.AssertionError">
      <![CDATA[java.lang.AssertionError: expected [true] but found [false]
at org.testng.Assert.fail(Assert.java:111)
at org.testng.Assert.failNotEquals(Assert.java:1578)
at org.testng.Assert.assertTrue(Assert.java:57)
at org.testng.Assert.assertTrue(Assert.java:67)
at pageObjects.RORIBullish.riseInOiandRiseInPrice(RORIBullish.java:75)
at stepDefinitions.BullishStocksTradStepDefinition.click_on_rise_in_oi_rise_in_price_for_stocks_data(BullishStocksTradStepDefinition.java:20)
at âœ½.Click On Rise In OI Rise In Price for Stocks Data(file:///C:/Users/prave.PRAVEENREDDY.000/eclipse-workspace/TradingStocks/src/test/java/Features/Bullish.feature:4)
]]>
    </failure>
  </testcase> <!-- runScenario -->
  <testcase classname="testRunner.TestRunner" name="runScenario" time="23.489">
    <skipped/>
  </testcase> <!-- runScenario -->
  <testcase classname="testRunner.TestRunner" name="runScenario" time="20.209">
    <skipped/>
  </testcase> <!-- runScenario -->
  <testcase classname="testRunner.TestRunner" name="runScenario" time="10.964"/>
  <testcase classname="testRunner.TestRunner" name="runScenario" time="10.259"/>
  <testcase classname="testRunner.TestRunner" name="runScenario" time="17.686">
    <skipped/>
  </testcase> <!-- runScenario -->
  <testcase classname="testRunner.TestRunner" name="runScenario" time="18.527">
    <skipped/>
  </testcase> <!-- runScenario -->
</testsuite> <!-- testRunner.TestRunner -->
