<?xml version="1.0" encoding="UTF-8"?>
<!-- Generated by org.testng.reporters.JUnitReportReporter -->
<testsuite hostname="PraveenReddy" failures="0" tests="20" name="testRunner.TestRunner" time="374.644" errors="0" timestamp="2025-09-16T10:19:47 IST" skipped="14">
  <testcase classname="testRunner.TestRunner" name="runScenario" time="13.358"/>
  <testcase classname="testRunner.TestRunner" name="runScenario" time="17.874">
    <skipped/>
  </testcase> <!-- runScenario -->
  <testcase classname="testRunner.TestRunner" name="runScenario" time="14.279"/>
  <testcase classname="testRunner.TestRunner" name="runScenario" time="22.947">
    <skipped/>
  </testcase> <!-- runScenario -->
  <testcase classname="testRunner.TestRunner" name="runScenario" time="23.509">
    <skipped/>
  </testcase> <!-- runScenario -->
  <testcase classname="testRunner.TestRunner" name="runScenario" time="24.333">
    <skipped/>
  </testcase> <!-- runScenario -->
  <testcase classname="testRunner.TestRunner" name="runScenario" time="14.960"/>
  <testcase classname="testRunner.TestRunner" name="runScenario" time="21.737">
    <skipped/>
  </testcase> <!-- runScenario -->
  <testcase classname="testRunner.TestRunner" name="runScenario" time="9.172">
    <skipped/>
  </testcase> <!-- runScenario -->
  <testcase classname="testRunner.TestRunner" name="runScenario" time="16.895"/>
  <testcase classname="testRunner.TestRunner" name="runScenario" time="20.791">
    <skipped/>
  </testcase> <!-- runScenario -->
  <testcase classname="testRunner.TestRunner" name="runScenario" time="19.991">
    <skipped/>
  </testcase> <!-- runScenario -->
  <testcase classname="testRunner.TestRunner" name="runScenario" time="9.526"/>
  <testcase classname="testRunner.TestRunner" name="runScenario" time="18.991">
    <skipped/>
  </testcase> <!-- runScenario -->
  <testcase classname="testRunner.TestRunner" name="runScenario" time="14.621"/>
  <testcase classname="testRunner.TestRunner" name="runScenario" time="20.781">
    <skipped/>
  </testcase> <!-- runScenario -->
  <testcase classname="testRunner.TestRunner" name="runScenario" time="17.175">
    <skipped/>
  </testcase> <!-- runScenario -->
  <testcase classname="testRunner.TestRunner" name="runScenario" time="28.488">
    <skipped/>
  </testcase> <!-- runScenario -->
  <testcase classname="testRunner.TestRunner" name="runScenario" time="22.568">
    <skipped/>
  </testcase> <!-- runScenario -->
  <testcase classname="testRunner.TestRunner" name="runScenario" time="22.648">
    <skipped/>
  </testcase> <!-- runScenario -->
</testsuite> <!-- testRunner.TestRunner -->
